qemu-system-riscv64 -machine virt -bios none -kernel kernel/kernel -m 128M -smp 1 -nographic -global virtio-mmio.force-legacy=false -drive file=fs.img,if=none,format=raw,id=x0 -device virtio-blk-device,drive=x0,bus=virtio-mmio-bus.0
Using Policy: RR

xv6 kernel is booting

init: starting sh
$ tbg
19|active|0(0),[1]init:2(10),[2]sh:2(10),[3]tbg:4(10)
20|active|0(0),[1]init:2(10),[2]sh:2(10),[3]tbg:4(10)
21|active|0(0),[1]init:2(10),[2]sh:2(10),[3]tbg:4(10)
22|active|0(0),[1]init:2(10),[2]sh:2(10),[3]tbg:4(10)
23|active|0(0),[1]init:2(10),[2]sh:2(10),[3]tbg:4(10)
shutdown
24|active|0(0),[1]init:2(10),[2]sh:2(10),[3]tbg:4(10)
25|active|0(0),[1]init:2(10),[2]sh:2(10),[3]tbg:4(10)
26|active|0(0),[1]init:2(10),[2]sh:2(10),[3]tbg:4(10)
27|active|0(0),[1]init:2(10),[2]sh:2(10),[3]tbg:4(10)
28|active|0(0),[1]init:2(10),[2]sh:2(10),[3]tbg:4(10)
29|active|0(0),[1]init:2(10),[2]sh:2(10),[3]tbg:4(10)
30|active|0(0),[1]init:2(10),[2]sh:2(10),[3]tbg:4(10)
31|active|0(0),[1]init:2(10),[2]sh:2(10),[3]tbg:4(10)
32|active|0(0),[1]init:2(10),[2]sh:2(10),[3]tbg:4(10)
33|active|0(0),[1]init:2(10),[2]sh:2(10),[3]tbg:4(10)
34|active|0(0),[1]init:2(10),[2]sh:2(10),[3]tbg:4(10)
35|active|0(0),[1]init:2(10),[2]sh:2(10),[3]tbg:4(10)
36|active|0(0),[1]init:2(10),[2]sh:2(10),[3]tbg:4(10)
37|active|0(0),[1]init:2(10),[2]sh:2(10),[3]tbg:4(10)
38|active|0(0),[1]init:2(10),[2]sh:2(10),[3]tbg:4(10)
39|active|0(0),[1]init:2(10),[2]sh:2(10),[3]tbg:4(10)
40|active|0(0),[1]init:2(10),[2]sh:2(10),[3]tbg:4(10)
41|active|0(0),[1]init:2(10),[2]sh:2(10),[3]tbg:4(10)
42|active|0(0),[1]init:2(10),[2]sh:2(10),[3]tbg:4(10)
43|active|0(0),[1]init:2(10),[2]sh:2(10),[3]tbg:4(10)
44|active|0(0),[1]init:2(10),[2]sh:2(10),[3]tbg:4(10)
45|active|0(0),[1]init:2(10),[2]sh:2(10),[3]tbg:4(10)
46|active|0(0),[1]init:2(10),[2]sh:2(10),[3]tbg:4(10)
47|active|0(0),[1]init:2(10),[2]sh:2(10),[3]tbg:4(10)
48|active|0(0),[1]init:2(10),[2]sh:2(10),[3]tbg:4(10)
49|active|0(0),[1]init:2(10),[2]sh:2(10),[3]tbg:4(10)
50|active|0(0),[1]init:2(10),[2]sh:2(10),[3]tbg:4(10)
51|active|0(0),[1]init:2(10),[2]sh:2(10),[3]tbg:4(10)
52|active|0(0),[1]init:2(10),[2]sh:2(10),[3]tbg:4(10)
53|active|0(0),[1]init:2(10),[2]sh:2(10),[3]tbg:4(10)
54|active|0(0),[1]init:2(10),[2]sh:2(10),[3]tbg:4(10)
55|active|0(0),[1]init:2(10),[2]sh:2(10),[3]tbg:4(10)
56|active|0(0),[1]init:2(10),[2]sh:2(10),[3]tbg:4(10)
57|active|0(0),[1]init:2(10),[2]sh:2(10),[3]tbg:4(10)
58|active|0(0),[1]init:2(10),[2]sh:2(10),[3]tbg:4(10)
59|active|0(0),[1]init:2(10),[2]sh:2(10),[3]tbg:4(10)
60|active|0(0),[1]init:2(10),[2]sh:2(10),[3]tbg:4(10)
61|active|0(0),[1]init:2(10),[2]sh:2(10),[3]tbg:4(10)
62|active|0(0),[1]init:2(10),[2]sh:2(10),[3]tbg:4(10)
63|active|0(0),[1]init:2(10),[2]sh:2(10),[3]tbg:4(10)
64|active|0(0),[1]init:2(10),[2]sh:2(10),[3]tbg:4(10)
65|active|0(0),[1]init:2(10),[2]sh:2(10),[3]tbg:4(10)
66|active|0(0),[1]init:2(10),[2]sh:2(10),[3]tbg:4(10)
67|active|0(0),[1]init:2(10),[2]sh:2(10),[3]tbg:4(10)
68|active|0(0),[1]init:2(10),[2]sh:2(10),[3]tbg:4(10)
69|active|0(0),[1]init:2(10),[2]sh:2(10),[3]tbg:4(10)
70|active|0(0),[1]init:2(10),[2]sh:2(10),[3]tbg:4(10)
71|active|0(0),[1]init:2(10),[2]sh:2(10),[3]tbg:4(10)
72|active|0(0),[1]init:2(10),[2]sh:2(10),[3]tbg:4(10)
73|active|0(0),[1]init:2(10),[2]sh:2(10),[3]tbg:4(10)
74|active|0(0),[1]init:2(10),[2]sh:2(10),[3]tbg:4(10)
75|active|0(0),[1]init:2(10),[2]sh:2(10),[3]tbg:4(10)
76|active|0(0),[1]init:2(10),[2]sh:2(10),[3]tbg:4(10)
77|active|0(0),[1]init:2(10),[2]sh:2(10),[3]tbg:4(10)
78|active|0(0),[1]init:2(10),[2]sh:2(10),[3]tbg:4(10)
79|active|0(0),[1]init:2(10),[2]sh:2(10),[3]tbg:4(10)
80|active|0(0),[1]init:2(10),[2]sh:2(10),[3]tbg:4(10)
81|active|0(0),[1]init:2(10),[2]sh:2(10),[3]tbg:4(10)
82|active|0(0),[1]init:2(10),[2]sh:2(10),[3]tbg:4(10)
83|active|0(0),[1]init:2(10),[2]sh:2(10),[3]tbg:4(10)
84|active|0(0),[1]init:2(10),[2]sh:2(10),[3]tbg:4(10)
85|active|0(0),[1]init:2(10),[2]sh:2(10),[3]tbg:4(10)
86|active|0(0),[1]init:2(10),[2]sh:2(10),[3]tbg:4(10)
87|active|0(0),[1]init:2(10),[2]sh:2(10),[3]tbg:4(10)
88|active|0(0),[1]init:2(10),[2]sh:2(10),[3]tbg:4(10)
89|active|0(0),[1]init:2(10),[2]sh:2(10),[3]tbg:4(10)
90|active|0(0),[1]init:2(10),[2]sh:2(10),[3]tbg:4(10)
91|active|0(0),[1]init:2(10),[2]sh:2(10),[3]tbg:4(10)
92|active|0(0),[1]init:2(10),[2]sh:2(10),[3]tbg:4(10)
93|active|0(0),[1]init:2(10),[2]sh:2(10),[3]tbg:4(10)
94|active|0(0),[1]init:2(10),[2]sh:2(10),[3]tbg:4(10)
95|active|0(0),[1]init:2(10),[2]sh:2(10),[3]tbg:4(10)
96|active|0(0),[1]init:2(10),[2]sh:2(10),[3]tbg:4(10)
97|active|0(0),[1]init:2(10),[2]sh:2(10),[3]tbg:4(10)
98|active|0(0),[1]init:2(10),[2]sh:2(10),[3]tbg:4(10)
99|active|0(0),[1]init:2(10),[2]sh:2(10),[3]tbg:4(10)
100|active|0(0),[1]init:2(10),[2]sh:2(10),[3]tbg:4(10)
101|active|0(0),[1]init:2(10),[2]sh:2(10),[3]tbg:4(10)
102|active|0(0),[1]init:2(10),[2]sh:2(10),[3]tbg:4(10)
103|active|0(0),[1]init:2(10),[2]sh:2(10),[3]tbg:4(10)
104|active|0(0),[1]init:2(10),[2]sh:2(10),[3]tbg:4(10)
105|active|0(0),[1]init:2(10),[2]sh:2(10),[3]tbg:4(10)
106|active|0(0),[1]init:2(10),[2]sh:2(10),[3]tbg:4(10)
107|active|0(0),[1]init:2(10),[2]sh:2(10),[3]tbg:4(10)
108|active|0(0),[1]init:2(10),[2]sh:2(10),[3]tbg:4(10)
109|active|0(0),[1]init:2(10),[2]sh:2(10),[3]tbg:4(10)
110|active|0(0),[1]init:2(10),[2]sh:2(10),[3]tbg:4(10)
111|active|0(0),[1]init:2(10),[2]sh:2(10),[3]tbg:4(10)
112|active|0(0),[1]init:2(10),[2]sh:2(10),[3]tbg:4(10)
113|active|0(0),[1]init:2(10),[2]sh:2(10),[3]tbg:4(10)
114|active|0(0),[1]init:2(10),[2]sh:2(10),[3]tbg:4(10)
115|active|0(0),[1]init:2(10),[2]sh:2(10),[3]tbg:4(10)
116|active|0(0),[1]init:2(10),[2]sh:2(10),[3]tbg:4(10)
117|active|0(0),[1]init:2(10),[2]sh:2(10),[3]tbg:4(10)
118|active|0(0),[1]init:2(10),[2]sh:2(10),[3]tbg:4(10)
119|active|0(0),[1]init:2(10),[2]sh:2(10),[3]tbg:4(10)
120|active|0(0),[1]init:2(10),[2]sh:2(10),[3]tbg:4(10)
121|active|0(0),[1]init:2(10),[2]sh:2(10),[3]tbg:4(10)
122|active|0(0),[1]init:2(10),[2]sh:2(10),[3]tbg:4(10)
123|active|0(0),[1]init:2(10),[2]sh:2(10),[3]tbg:4(10)
124|active|0(0),[1]init:2(10),[2]sh:2(10),[3]tbg:4(10)
125|active|0(0),[1]init:2(10),[2]sh:2(10),[3]tbg:4(10)
126|active|0(0),[1]init:2(10),[2]sh:2(10),[3]tbg:4(10)
127|active|0(0),[1]init:2(10),[2]sh:2(10),[3]tbg:4(10)
128|active|0(0),[1]init:2(10),[2]sh:2(10),[3]tbg:4(10)
129|active|0(0),[1]init:2(10),[2]sh:2(10),[3]tbg:4(10)
130|active|0(0),[1]init:2(10),[2]sh:2(10),[3]tbg:4(10)
131|active|0(0),[1]init:2(10),[2]sh:2(10),[3]tbg:4(10)
132|active|0(0),[1]init:2(10),[2]sh:2(10),[3]tbg:4(10)
133|active|0(0),[1]init:2(10),[2]sh:2(10),[3]tbg:4(10)
134|active|0(0),[1]init:2(10),[2]sh:2(10),[3]tbg:4(10)
135|active|0(0),[1]init:2(10),[2]sh:2(10),[3]tbg:4(10)
136|active|0(0),[1]init:2(10),[2]sh:2(10),[3]tbg:4(10)
137|active|0(0),[1]init:2(10),[2]sh:2(10),[3]tbg:4(10)
138|active|0(0),[1]init:2(10),[2]sh:2(10),[3]tbg:4(10)
139|active|0(0),[1]init:2(10),[2]sh:2(10),[3]tbg:4(10)
140|active|0(0),[1]init:2(10),[2]sh:2(10),[3]tbg:4(10)
141|active|0(0),[1]init:2(10),[2]sh:2(10),[3]tbg:4(10)
142|active|0(0),[1]init:2(10),[2]sh:2(10),[3]tbg:4(10)
143|active|0(0),[1]init:2(10),[2]sh:2(10),[3]tbg:4(10)
144|active|0(0),[1]init:2(10),[2]sh:2(10),[3]tbg:4(10)
145|active|0(0),[1]init:2(10),[2]sh:2(10),[3]tbg:4(10)
146|active|0(0),[1]init:2(10),[2]sh:2(10),[3]tbg:4(10)
147|active|0(0),[1]init:2(10),[2]sh:2(10),[3]tbg:4(10)
148|active|0(0),[1]init:2(10),[2]sh:2(10),[3]tbg:4(10)
149|active|0(0),[1]init:2(10),[2]sh:2(10),[3]tbg:4(10)
150|active|0(0),[1]init:2(10),[2]sh:2(10),[3]tbg:4(10)
151|active|0(0),[1]init:2(10),[2]sh:2(10),[3]tbg:4(10)
152|active|0(0),[1]init:2(10),[2]sh:2(10),[3]tbg:4(10)
153|active|0(0),[1]init:2(10),[2]sh:2(10),[3]tbg:4(10)
154|active|0(0),[1]init:2(10),[2]sh:2(10),[3]tbg:4(10)
155|active|0(0),[1]init:2(10),[2]sh:2(10),[3]tbg:4(10)
156|active|0(0),[1]init:2(10),[2]sh:2(10),[3]tbg:4(10)
157|active|0(0),[1]init:2(10),[2]sh:2(10),[3]tbg:4(10)
158|active|0(0),[1]init:2(10),[2]sh:2(10),[3]tbg:4(10)
159|active|0(0),[1]init:2(10),[2]sh:2(10),[3]tbg:4(10)
160|active|0(0),[1]init:2(10),[2]sh:2(10),[3]tbg:4(10)
161|active|0(0),[1]init:2(10),[2]sh:2(10),[3]tbg:4(10)
162|active|0(0),[1]init:2(10),[2]sh:2(10),[3]tbg:4(10)
163|active|0(0),[1]init:2(10),[2]sh:2(10),[3]tbg:4(10)
164|active|0(0),[1]init:2(10),[2]sh:2(10),[3]tbg:4(10)
165|active|0(0),[1]init:2(10),[2]sh:2(10),[3]tbg:4(10)
166|active|0(0),[1]init:2(10),[2]sh:2(10),[3]tbg:4(10)
167|active|0(0),[1]init:2(10),[2]sh:2(10),[3]tbg:4(10)
168|active|0(0),[1]init:2(10),[2]sh:2(10),[3]tbg:4(10)
169|active|0(0),[1]init:2(10),[2]sh:2(10),[3]tbg:4(10)
170|active|0(0),[1]init:2(10),[2]sh:2(10),[3]tbg:4(10)
171|active|0(0),[1]init:2(10),[2]sh:2(10),[3]tbg:4(10)
172|active|0(0),[1]init:2(10),[2]sh:2(10),[3]tbg:4(10)
173|active|0(0),[1]init:2(10),[2]sh:2(10),[3]tbg:4(10)
174|active|0(0),[1]init:2(10),[2]sh:2(10),[3]tbg:4(10)
175|active|0(0),[1]init:2(10),[2]sh:2(10),[3]tbg:4(10)
176|active|0(0),[1]init:2(10),[2]sh:2(10),[3]tbg:4(10)
177|active|0(0),[1]init:2(10),[2]sh:2(10),[3]tbg:4(10)
178|active|0(0),[1]init:2(10),[2]sh:2(10),[3]tbg:4(10)
179|active|0(0),[1]init:2(10),[2]sh:2(10),[3]tbg:4(10)
180|active|0(0),[1]init:2(10),[2]sh:2(10),[3]tbg:4(10)
181|active|0(0),[1]init:2(10),[2]sh:2(10),[3]tbg:4(10)
182|active|0(0),[1]init:2(10),[2]sh:2(10),[3]tbg:4(10)
183|active|0(0),[1]init:2(10),[2]sh:2(10),[3]tbg:4(10)
184|active|0(0),[1]init:2(10),[2]sh:2(10),[3]tbg:4(10)
185|active|0(0),[1]init:2(10),[2]sh:2(10),[3]tbg:4(10)
186|active|0(0),[1]init:2(10),[2]sh:2(10),[3]tbg:4(10)
187|active|0(0),[1]init:2(10),[2]sh:2(10),[3]tbg:4(10)
188|active|0(0),[1]init:2(10),[2]sh:2(10),[3]tbg:4(10)
189|active|0(0),[1]init:2(10),[2]sh:2(10),[3]tbg:4(10)
190|active|0(0),[1]init:2(10),[2]sh:2(10),[3]tbg:4(10)
191|active|0(0),[1]init:2(10),[2]sh:2(10),[3]tbg:4(10)
192|active|0(0),[1]init:2(10),[2]sh:2(10),[3]tbg:4(10)
193|active|0(0),[1]init:2(10),[2]sh:2(10),[3]tbg:4(10)
194|active|0(0),[1]init:2(10),[2]sh:2(10),[3]tbg:4(10)
195|active|0(0),[1]init:2(10),[2]sh:2(10),[3]tbg:4(10)
196|active|0(0),[1]init:2(10),[2]sh:2(10),[3]tbg:4(10)
197|active|0(0),[1]init:2(10),[2]sh:2(10),[3]tbg:4(10)
198|active|0(0),[1]init:2(10),[2]sh:2(10),[3]tbg:4(10)
199|active|0(0),[1]init:2(10),[2]sh:2(10),[3]tbg:4(10)
200|active|0(0),[1]init:2(10),[2]sh:2(10),[3]tbg:4(10)
201|active|0(0),[1]init:2(10),[2]sh:2(10),[3]tbg:4(10)
202|active|0(0),[1]init:2(10),[2]sh:2(10),[3]tbg:4(10)
203|active|0(0),[1]init:2(10),[2]sh:2(10),[3]tbg:4(10)
204|active|0(0),[1]init:2(10),[2]sh:2(10),[3]tbg:4(10)
205|active|0(0),[1]init:2(10),[2]sh:2(10),[3]tbg:4(10)
206|active|0(0),[1]init:2(10),[2]sh:2(10),[3]tbg:4(10)
207|active|0(0),[1]init:2(10),[2]sh:2(10),[3]tbg:4(10)
208|active|0(0),[1]init:2(10),[2]sh:2(10),[3]tbg:4(10)
209|active|0(0),[1]init:2(10),[2]sh:2(10),[3]tbg:4(10)
210|active|0(0),[1]init:2(10),[2]sh:2(10),[3]tbg:4(10)
211|active|0(0),[1]init:2(10),[2]sh:2(10),[3]tbg:4(10)
212|active|0(0),[1]init:2(10),[2]sh:2(10),[3]tbg:4(10)
213|active|0(0),[1]init:2(10),[2]sh:2(10),[3]tbg:4(10)
214|active|0(0),[1]init:2(10),[2]sh:2(10),[3]tbg:4(10)
215|active|0(0),[1]init:2(10),[2]sh:2(10),[3]tbg:4(10)
216|active|0(0),[1]init:2(10),[2]sh:2(10),[3]tbg:4(10)
217|active|0(0),[1]init:2(10),[2]sh:2(10),[3]tbg:4(10)
218|active|0(0),[1]init:2(10),[2]sh:2(10),[3]tbg:4(10)
218|active|0(0),[1]init:2(10),[2]sh:4(10)
$ 218|active|0(0),[1]init:2(10),[2]sh:2(10),[4]sh:4(10)
218|active|0(0),[1]init:2(10),[2]sh:2(10),[4]sh:4(10)
218|active|0(0),[1]init:2(10),[2]sh:2(10),[4]sh:4(10)
218|active|0(0),[1]init:2(10),[2]sh:2(10),[4]sh:4(10)
218|active|0(0),[1]init:2(10),[2]sh:2(10),[4]sh:4(10)
