qemu-system-riscv64 -machine virt -bios none -kernel kernel/kernel -m 128M -smp 1 -nographic -global virtio-mmio.force-legacy=false -drive file=fs.img,if=none,format=raw,id=x0 -device virtio-blk-device,drive=x0,bus=virtio-mmio-bus.0
Using Policy: MQSS

xv6 kernel is booting

init: starting sh
$ tbg
21|active|0(100),[1]init:2(10),[3]tbg:4(10)
21|active|1(100)
21|active|2(100)
21|active|3(100)
21|active|4(100)
21|expired|0(100),[2]sh:2(10)
21|expired|1(100)
21|expired|2(100)
21|expired|3(100)
21|expired|4(100)
22|active|0(100),[2]sh:2(10),[3]tbg:4(10)
22|active|1(100)
22|active|2(100)
22|active|3(100)
22|active|4(100)
22|expired|0(100),[1]init:2(10)
22|expired|1(100)
22|expired|2(100)
22|expired|3(100)
22|expired|4(100)
23|active|0(100),[1]init:2(10),[3]tbg:4(10)
23|active|1(100)
23|active|2(100)
23|active|3(100)
23|active|4(100)
23|expired|0(100),[2]sh:2(10)
23|expired|1(100)
23|expired|2(100)
23|expired|3(100)
23|expired|4(100)
shutdown
24|active|0(100),[1]init:2(10),[3]tbg:4(10)
24|active|1(100)
24|active|2(100)
24|active|3(100)
24|active|4(100)
24|expired|0(100),[2]sh:2(10)
24|expired|1(100)
24|expired|2(100)
24|expired|3(100)
24|expired|4(100)
25|active|0(100),[2]sh:2(10),[3]tbg:4(10)
25|active|1(100)
25|active|2(100)
25|active|3(100)
25|active|4(100)
25|expired|0(100),[1]init:2(10)
25|expired|1(100)
25|expired|2(100)
25|expired|3(100)
25|expired|4(100)
26|active|0(100),[1]init:2(10),[3]tbg:4(10)
26|active|1(100)
26|active|2(100)
26|active|3(100)
26|active|4(100)
26|expired|0(100),[2]sh:2(10)
26|expired|1(100)
26|expired|2(100)
26|expired|3(100)
26|expired|4(100)
27|active|0(100),[2]sh:2(10),[3]tbg:4(10)
27|active|1(100)
27|active|2(100)
27|active|3(100)
27|active|4(100)
27|expired|0(100),[1]init:2(10)
27|expired|1(100)
27|expired|2(100)
27|expired|3(100)
27|expired|4(100)
28|active|0(100),[1]init:2(10),[3]tbg:4(10)
28|active|1(100)
28|active|2(100)
28|active|3(100)
28|active|4(100)
28|expired|0(100),[2]sh:2(10)
28|expired|1(100)
28|expired|2(100)
28|expired|3(100)
28|expired|4(100)
29|active|0(100),[2]sh:2(10),[3]tbg:4(10)
29|active|1(100)
29|active|2(100)
29|active|3(100)
29|active|4(100)
29|expired|0(100),[1]init:2(10)
29|expired|1(100)
29|expired|2(100)
29|expired|3(100)
29|expired|4(100)
30|active|0(100),[1]init:2(10),[3]tbg:4(10)
30|active|1(100)
30|active|2(100)
30|active|3(100)
30|active|4(100)
30|expired|0(100),[2]sh:2(10)
30|expired|1(100)
30|expired|2(100)
30|expired|3(100)
30|expired|4(100)
31|active|0(100),[2]sh:2(10),[3]tbg:4(10)
31|active|1(100)
31|active|2(100)
31|active|3(100)
31|active|4(100)
31|expired|0(100),[1]init:2(10)
31|expired|1(100)
31|expired|2(100)
31|expired|3(100)
31|expired|4(100)
32|active|0(100),[1]init:2(10),[3]tbg:4(10)
32|active|1(100)
32|active|2(100)
32|active|3(100)
32|active|4(100)
32|expired|0(100),[2]sh:2(10)
32|expired|1(100)
32|expired|2(100)
32|expired|3(100)
32|expired|4(100)
33|active|0(100),[2]sh:2(10),[3]tbg:4(10)
33|active|1(100)
33|active|2(100)
33|active|3(100)
33|active|4(100)
33|expired|0(100),[1]init:2(10)
33|expired|1(100)
33|expired|2(100)
33|expired|3(100)
33|expired|4(100)
34|active|0(100),[1]init:2(10),[3]tbg:4(10)
34|active|1(100)
34|active|2(100)
34|active|3(100)
34|active|4(100)
34|expired|0(100),[2]sh:2(10)
34|expired|1(100)
34|expired|2(100)
34|expired|3(100)
34|expired|4(100)
35|active|0(100),[2]sh:2(10),[3]tbg:4(10)
35|active|1(100)
35|active|2(100)
35|active|3(100)
35|active|4(100)
35|expired|0(100),[1]init:2(10)
35|expired|1(100)
35|expired|2(100)
35|expired|3(100)
35|expired|4(100)
36|active|0(100),[1]init:2(10),[3]tbg:4(10)
36|active|1(100)
36|active|2(100)
36|active|3(100)
36|active|4(100)
36|expired|0(100),[2]sh:2(10)
36|expired|1(100)
36|expired|2(100)
36|expired|3(100)
36|expired|4(100)
37|active|0(100),[2]sh:2(10),[3]tbg:4(10)
37|active|1(100)
37|active|2(100)
37|active|3(100)
37|active|4(100)
37|expired|0(100),[1]init:2(10)
37|expired|1(100)
37|expired|2(100)
37|expired|3(100)
37|expired|4(100)
38|active|0(100),[1]init:2(10),[3]tbg:4(10)
38|active|1(100)
38|active|2(100)
38|active|3(100)
38|active|4(100)
38|expired|0(100),[2]sh:2(10)
38|expired|1(100)
38|expired|2(100)
38|expired|3(100)
38|expired|4(100)
39|active|0(100),[2]sh:2(10),[3]tbg:4(10)
39|active|1(100)
39|active|2(100)
39|active|3(100)
39|active|4(100)
39|expired|0(100),[1]init:2(10)
39|expired|1(100)
39|expired|2(100)
39|expired|3(100)
39|expired|4(100)
40|active|0(100),[1]init:2(10),[3]tbg:4(10)
40|active|1(100)
40|active|2(100)
40|active|3(100)
40|active|4(100)
40|expired|0(100),[2]sh:2(10)
40|expired|1(100)
40|expired|2(100)
40|expired|3(100)
40|expired|4(100)
41|active|0(100),[2]sh:2(10),[3]tbg:4(10)
41|active|1(100)
41|active|2(100)
41|active|3(100)
41|active|4(100)
41|expired|0(100),[1]init:2(10)
41|expired|1(100)
41|expired|2(100)
41|expired|3(100)
41|expired|4(100)
42|active|0(100),[1]init:2(10),[3]tbg:4(10)
42|active|1(100)
42|active|2(100)
42|active|3(100)
42|active|4(100)
42|expired|0(100),[2]sh:2(10)
42|expired|1(100)
42|expired|2(100)
42|expired|3(100)
42|expired|4(100)
43|active|0(100),[2]sh:2(10),[3]tbg:4(10)
43|active|1(100)
43|active|2(100)
43|active|3(100)
43|active|4(100)
43|expired|0(100),[1]init:2(10)
43|expired|1(100)
43|expired|2(100)
43|expired|3(100)
43|expired|4(100)
44|active|0(100),[1]init:2(10),[3]tbg:4(10)
44|active|1(100)
44|active|2(100)
44|active|3(100)
44|active|4(100)
44|expired|0(100),[2]sh:2(10)
44|expired|1(100)
44|expired|2(100)
44|expired|3(100)
44|expired|4(100)
45|active|0(100),[2]sh:2(10),[3]tbg:4(10)
45|active|1(100)
45|active|2(100)
45|active|3(100)
45|active|4(100)
45|expired|0(100),[1]init:2(10)
45|expired|1(100)
45|expired|2(100)
45|expired|3(100)
45|expired|4(100)
46|active|0(100),[1]init:2(10),[3]tbg:4(10)
46|active|1(100)
46|active|2(100)
46|active|3(100)
46|active|4(100)
46|expired|0(100),[2]sh:2(10)
46|expired|1(100)
46|expired|2(100)
46|expired|3(100)
46|expired|4(100)
47|active|0(100),[2]sh:2(10),[3]tbg:4(10)
47|active|1(100)
47|active|2(100)
47|active|3(100)
47|active|4(100)
47|expired|0(100),[1]init:2(10)
47|expired|1(100)
47|expired|2(100)
47|expired|3(100)
47|expired|4(100)
48|active|0(100),[1]init:2(10),[3]tbg:4(10)
48|active|1(100)
48|active|2(100)
48|active|3(100)
48|active|4(100)
48|expired|0(100),[2]sh:2(10)
48|expired|1(100)
48|expired|2(100)
48|expired|3(100)
48|expired|4(100)
49|active|0(100),[2]sh:2(10),[3]tbg:4(10)
49|active|1(100)
49|active|2(100)
49|active|3(100)
49|active|4(100)
49|expired|0(100),[1]init:2(10)
49|expired|1(100)
49|expired|2(100)
49|expired|3(100)
49|expired|4(100)
50|active|0(100),[1]init:2(10),[3]tbg:4(10)
50|active|1(100)
50|active|2(100)
50|active|3(100)
50|active|4(100)
50|expired|0(100),[2]sh:2(10)
50|expired|1(100)
50|expired|2(100)
50|expired|3(100)
50|expired|4(100)
51|active|0(100),[2]sh:2(10),[3]tbg:4(10)
51|active|1(100)
51|active|2(100)
51|active|3(100)
51|active|4(100)
51|expired|0(100),[1]init:2(10)
51|expired|1(100)
51|expired|2(100)
51|expired|3(100)
51|expired|4(100)
52|active|0(100),[1]init:2(10),[3]tbg:4(10)
52|active|1(100)
52|active|2(100)
52|active|3(100)
52|active|4(100)
52|expired|0(100),[2]sh:2(10)
52|expired|1(100)
52|expired|2(100)
52|expired|3(100)
52|expired|4(100)
53|active|0(100),[2]sh:2(10),[3]tbg:4(10)
53|active|1(100)
53|active|2(100)
53|active|3(100)
53|active|4(100)
53|expired|0(100),[1]init:2(10)
53|expired|1(100)
53|expired|2(100)
53|expired|3(100)
53|expired|4(100)
54|active|0(100),[1]init:2(10),[3]tbg:4(10)
54|active|1(100)
54|active|2(100)
54|active|3(100)
54|active|4(100)
54|expired|0(100),[2]sh:2(10)
54|expired|1(100)
54|expired|2(100)
54|expired|3(100)
54|expired|4(100)
55|active|0(100),[2]sh:2(10),[3]tbg:4(10)
55|active|1(100)
55|active|2(100)
55|active|3(100)
55|active|4(100)
55|expired|0(100),[1]init:2(10)
55|expired|1(100)
55|expired|2(100)
55|expired|3(100)
55|expired|4(100)
56|active|0(100),[1]init:2(10),[3]tbg:4(10)
56|active|1(100)
56|active|2(100)
56|active|3(100)
56|active|4(100)
56|expired|0(100),[2]sh:2(10)
56|expired|1(100)
56|expired|2(100)
56|expired|3(100)
56|expired|4(100)
57|active|0(100),[2]sh:2(10),[3]tbg:4(10)
57|active|1(100)
57|active|2(100)
57|active|3(100)
57|active|4(100)
57|expired|0(100),[1]init:2(10)
57|expired|1(100)
57|expired|2(100)
57|expired|3(100)
57|expired|4(100)
58|active|0(100),[1]init:2(10),[3]tbg:4(10)
58|active|1(100)
58|active|2(100)
58|active|3(100)
58|active|4(100)
58|expired|0(100),[2]sh:2(10)
58|expired|1(100)
58|expired|2(100)
58|expired|3(100)
58|expired|4(100)
59|active|0(100),[2]sh:2(10),[3]tbg:4(10)
59|active|1(100)
59|active|2(100)
59|active|3(100)
59|active|4(100)
59|expired|0(100),[1]init:2(10)
59|expired|1(100)
59|expired|2(100)
59|expired|3(100)
59|expired|4(100)
60|active|0(100),[1]init:2(10),[3]tbg:4(10)
60|active|1(100)
60|active|2(100)
60|active|3(100)
60|active|4(100)
60|expired|0(100),[2]sh:2(10)
60|expired|1(100)
60|expired|2(100)
60|expired|3(100)
60|expired|4(100)
61|active|0(100),[2]sh:2(10),[3]tbg:4(10)
61|active|1(100)
61|active|2(100)
61|active|3(100)
61|active|4(100)
61|expired|0(100),[1]init:2(10)
61|expired|1(100)
61|expired|2(100)
61|expired|3(100)
61|expired|4(100)
62|active|0(100),[1]init:2(10),[3]tbg:4(10)
62|active|1(100)
62|active|2(100)
62|active|3(100)
62|active|4(100)
62|expired|0(100),[2]sh:2(10)
62|expired|1(100)
62|expired|2(100)
62|expired|3(100)
62|expired|4(100)
63|active|0(100),[2]sh:2(10),[3]tbg:4(10)
63|active|1(100)
63|active|2(100)
63|active|3(100)
63|active|4(100)
63|expired|0(100),[1]init:2(10)
63|expired|1(100)
63|expired|2(100)
63|expired|3(100)
63|expired|4(100)
64|active|0(100),[1]init:2(10),[3]tbg:4(10)
64|active|1(100)
64|active|2(100)
64|active|3(100)
64|active|4(100)
64|expired|0(100),[2]sh:2(10)
64|expired|1(100)
64|expired|2(100)
64|expired|3(100)
64|expired|4(100)
65|active|0(100),[2]sh:2(10),[3]tbg:4(10)
65|active|1(100)
65|active|2(100)
65|active|3(100)
65|active|4(100)
65|expired|0(100),[1]init:2(10)
65|expired|1(100)
65|expired|2(100)
65|expired|3(100)
65|expired|4(100)
66|active|0(100),[1]init:2(10),[3]tbg:4(10)
66|active|1(100)
66|active|2(100)
66|active|3(100)
66|active|4(100)
66|expired|0(100),[2]sh:2(10)
66|expired|1(100)
66|expired|2(100)
66|expired|3(100)
66|expired|4(100)
67|active|0(100),[2]sh:2(10),[3]tbg:4(10)
67|active|1(100)
67|active|2(100)
67|active|3(100)
67|active|4(100)
67|expired|0(100),[1]init:2(10)
67|expired|1(100)
67|expired|2(100)
67|expired|3(100)
67|expired|4(100)
68|active|0(100),[1]init:2(10),[3]tbg:4(10)
68|active|1(100)
68|active|2(100)
68|active|3(100)
68|active|4(100)
68|expired|0(100),[2]sh:2(10)
68|expired|1(100)
68|expired|2(100)
68|expired|3(100)
68|expired|4(100)
69|active|0(100),[2]sh:2(10),[3]tbg:4(10)
69|active|1(100)
69|active|2(100)
69|active|3(100)
69|active|4(100)
69|expired|0(100),[1]init:2(10)
69|expired|1(100)
69|expired|2(100)
69|expired|3(100)
69|expired|4(100)
70|active|0(100),[1]init:2(10),[3]tbg:4(10)
70|active|1(100)
70|active|2(100)
70|active|3(100)
70|active|4(100)
70|expired|0(100),[2]sh:2(10)
70|expired|1(100)
70|expired|2(100)
70|expired|3(100)
70|expired|4(100)
71|active|0(100),[2]sh:2(10),[3]tbg:4(10)
71|active|1(100)
71|active|2(100)
71|active|3(100)
71|active|4(100)
71|expired|0(100),[1]init:2(10)
71|expired|1(100)
71|expired|2(100)
71|expired|3(100)
71|expired|4(100)
72|active|0(100),[1]init:2(10),[3]tbg:4(10)
72|active|1(100)
72|active|2(100)
72|active|3(100)
72|active|4(100)
72|expired|0(100),[2]sh:2(10)
72|expired|1(100)
72|expired|2(100)
72|expired|3(100)
72|expired|4(100)
73|active|0(100),[2]sh:2(10),[3]tbg:4(10)
73|active|1(100)
73|active|2(100)
73|active|3(100)
73|active|4(100)
73|expired|0(100),[1]init:2(10)
73|expired|1(100)
73|expired|2(100)
73|expired|3(100)
73|expired|4(100)
74|active|0(100),[1]init:2(10),[3]tbg:4(10)
74|active|1(100)
74|active|2(100)
74|active|3(100)
74|active|4(100)
74|expired|0(100),[2]sh:2(10)
74|expired|1(100)
74|expired|2(100)
74|expired|3(100)
74|expired|4(100)
75|active|0(100),[2]sh:2(10),[3]tbg:4(10)
75|active|1(100)
75|active|2(100)
75|active|3(100)
75|active|4(100)
75|expired|0(100),[1]init:2(10)
75|expired|1(100)
75|expired|2(100)
75|expired|3(100)
75|expired|4(100)
76|active|0(100),[1]init:2(10),[3]tbg:4(10)
76|active|1(100)
76|active|2(100)
76|active|3(100)
76|active|4(100)
76|expired|0(100),[2]sh:2(10)
76|expired|1(100)
76|expired|2(100)
76|expired|3(100)
76|expired|4(100)
77|active|0(100),[2]sh:2(10),[3]tbg:4(10)
77|active|1(100)
77|active|2(100)
77|active|3(100)
77|active|4(100)
77|expired|0(100),[1]init:2(10)
77|expired|1(100)
77|expired|2(100)
77|expired|3(100)
77|expired|4(100)
78|active|0(100),[1]init:2(10),[3]tbg:4(10)
78|active|1(100)
78|active|2(100)
78|active|3(100)
78|active|4(100)
78|expired|0(100),[2]sh:2(10)
78|expired|1(100)
78|expired|2(100)
78|expired|3(100)
78|expired|4(100)
79|active|0(100),[2]sh:2(10),[3]tbg:4(10)
79|active|1(100)
79|active|2(100)
79|active|3(100)
79|active|4(100)
79|expired|0(100),[1]init:2(10)
79|expired|1(100)
79|expired|2(100)
79|expired|3(100)
79|expired|4(100)
80|active|0(100),[1]init:2(10),[3]tbg:4(10)
80|active|1(100)
80|active|2(100)
80|active|3(100)
80|active|4(100)
80|expired|0(100),[2]sh:2(10)
80|expired|1(100)
80|expired|2(100)
80|expired|3(100)
80|expired|4(100)
81|active|0(100),[2]sh:2(10),[3]tbg:4(10)
81|active|1(100)
81|active|2(100)
81|active|3(100)
81|active|4(100)
81|expired|0(100),[1]init:2(10)
81|expired|1(100)
81|expired|2(100)
81|expired|3(100)
81|expired|4(100)
82|active|0(100),[1]init:2(10),[3]tbg:4(10)
82|active|1(100)
82|active|2(100)
82|active|3(100)
82|active|4(100)
82|expired|0(100),[2]sh:2(10)
82|expired|1(100)
82|expired|2(100)
82|expired|3(100)
82|expired|4(100)
83|active|0(100),[2]sh:2(10),[3]tbg:4(10)
83|active|1(100)
83|active|2(100)
83|active|3(100)
83|active|4(100)
83|expired|0(100),[1]init:2(10)
83|expired|1(100)
83|expired|2(100)
83|expired|3(100)
83|expired|4(100)
84|active|0(100),[1]init:2(10),[3]tbg:4(10)
84|active|1(100)
84|active|2(100)
84|active|3(100)
84|active|4(100)
84|expired|0(100),[2]sh:2(10)
84|expired|1(100)
84|expired|2(100)
84|expired|3(100)
84|expired|4(100)
85|active|0(100),[2]sh:2(10),[3]tbg:4(10)
85|active|1(100)
85|active|2(100)
85|active|3(100)
85|active|4(100)
85|expired|0(100),[1]init:2(10)
85|expired|1(100)
85|expired|2(100)
85|expired|3(100)
85|expired|4(100)
86|active|0(100),[1]init:2(10),[3]tbg:4(10)
86|active|1(100)
86|active|2(100)
86|active|3(100)
86|active|4(100)
86|expired|0(100),[2]sh:2(10)
86|expired|1(100)
86|expired|2(100)
86|expired|3(100)
86|expired|4(100)
87|active|0(100),[2]sh:2(10),[3]tbg:4(10)
87|active|1(100)
87|active|2(100)
87|active|3(100)
87|active|4(100)
87|expired|0(100),[1]init:2(10)
87|expired|1(100)
87|expired|2(100)
87|expired|3(100)
87|expired|4(100)
88|active|0(100),[1]init:2(10),[3]tbg:4(10)
88|active|1(100)
88|active|2(100)
88|active|3(100)
88|active|4(100)
88|expired|0(100),[2]sh:2(10)
88|expired|1(100)
88|expired|2(100)
88|expired|3(100)
88|expired|4(100)
89|active|0(100),[2]sh:2(10),[3]tbg:4(10)
89|active|1(100)
89|active|2(100)
89|active|3(100)
89|active|4(100)
89|expired|0(100),[1]init:2(10)
89|expired|1(100)
89|expired|2(100)
89|expired|3(100)
89|expired|4(100)
90|active|0(100),[1]init:2(10),[3]tbg:4(10)
90|active|1(100)
90|active|2(100)
90|active|3(100)
90|active|4(100)
90|expired|0(100),[2]sh:2(10)
90|expired|1(100)
90|expired|2(100)
90|expired|3(100)
90|expired|4(100)
91|active|0(100),[2]sh:2(10),[3]tbg:4(10)
91|active|1(100)
91|active|2(100)
91|active|3(100)
91|active|4(100)
91|expired|0(100),[1]init:2(10)
91|expired|1(100)
91|expired|2(100)
91|expired|3(100)
91|expired|4(100)
92|active|0(100),[1]init:2(10),[3]tbg:4(10)
92|active|1(100)
92|active|2(100)
92|active|3(100)
92|active|4(100)
92|expired|0(100),[2]sh:2(10)
92|expired|1(100)
92|expired|2(100)
92|expired|3(100)
92|expired|4(100)
93|active|0(100),[2]sh:2(10),[3]tbg:4(10)
93|active|1(100)
93|active|2(100)
93|active|3(100)
93|active|4(100)
93|expired|0(100),[1]init:2(10)
93|expired|1(100)
93|expired|2(100)
93|expired|3(100)
93|expired|4(100)
94|active|0(100),[1]init:2(10),[3]tbg:4(10)
94|active|1(100)
94|active|2(100)
94|active|3(100)
94|active|4(100)
94|expired|0(100),[2]sh:2(10)
94|expired|1(100)
94|expired|2(100)
94|expired|3(100)
94|expired|4(100)
95|active|0(100),[2]sh:2(10),[3]tbg:4(10)
95|active|1(100)
95|active|2(100)
95|active|3(100)
95|active|4(100)
95|expired|0(100),[1]init:2(10)
95|expired|1(100)
95|expired|2(100)
95|expired|3(100)
95|expired|4(100)
96|active|0(100),[1]init:2(10),[3]tbg:4(10)
96|active|1(100)
96|active|2(100)
96|active|3(100)
96|active|4(100)
96|expired|0(100),[2]sh:2(10)
96|expired|1(100)
96|expired|2(100)
96|expired|3(100)
96|expired|4(100)
97|active|0(100),[2]sh:2(10),[3]tbg:4(10)
97|active|1(100)
97|active|2(100)
97|active|3(100)
97|active|4(100)
97|expired|0(100),[1]init:2(10)
97|expired|1(100)
97|expired|2(100)
97|expired|3(100)
97|expired|4(100)
98|active|0(100),[1]init:2(10),[3]tbg:4(10)
98|active|1(100)
98|active|2(100)
98|active|3(100)
98|active|4(100)
98|expired|0(100),[2]sh:2(10)
98|expired|1(100)
98|expired|2(100)
98|expired|3(100)
98|expired|4(100)
99|active|0(100),[2]sh:2(10),[3]tbg:4(10)
99|active|1(100)
99|active|2(100)
99|active|3(100)
99|active|4(100)
99|expired|0(100),[1]init:2(10)
99|expired|1(100)
99|expired|2(100)
99|expired|3(100)
99|expired|4(100)
100|active|0(100),[1]init:2(10),[3]tbg:4(10)
100|active|1(100)
100|active|2(100)
100|active|3(100)
100|active|4(100)
100|expired|0(100),[2]sh:2(10)
100|expired|1(100)
100|expired|2(100)
100|expired|3(100)
100|expired|4(100)
101|active|0(100),[2]sh:2(10),[3]tbg:4(10)
101|active|1(100)
101|active|2(100)
101|active|3(100)
101|active|4(100)
101|expired|0(100),[1]init:2(10)
101|expired|1(100)
101|expired|2(100)
101|expired|3(100)
101|expired|4(100)
102|active|0(100),[1]init:2(10),[3]tbg:4(10)
102|active|1(100)
102|active|2(100)
102|active|3(100)
102|active|4(100)
102|expired|0(100),[2]sh:2(10)
102|expired|1(100)
102|expired|2(100)
102|expired|3(100)
102|expired|4(100)
103|active|0(100),[2]sh:2(10),[3]tbg:4(10)
103|active|1(100)
103|active|2(100)
103|active|3(100)
103|active|4(100)
103|expired|0(100),[1]init:2(10)
103|expired|1(100)
103|expired|2(100)
103|expired|3(100)
103|expired|4(100)
104|active|0(100),[1]init:2(10),[3]tbg:4(10)
104|active|1(100)
104|active|2(100)
104|active|3(100)
104|active|4(100)
104|expired|0(100),[2]sh:2(10)
104|expired|1(100)
104|expired|2(100)
104|expired|3(100)
104|expired|4(100)
105|active|0(100),[2]sh:2(10),[3]tbg:4(10)
105|active|1(100)
105|active|2(100)
105|active|3(100)
105|active|4(100)
105|expired|0(100),[1]init:2(10)
105|expired|1(100)
105|expired|2(100)
105|expired|3(100)
105|expired|4(100)
106|active|0(100),[1]init:2(10),[3]tbg:4(10)
106|active|1(100)
106|active|2(100)
106|active|3(100)
106|active|4(100)
106|expired|0(100),[2]sh:2(10)
106|expired|1(100)
106|expired|2(100)
106|expired|3(100)
106|expired|4(100)
107|active|0(100),[2]sh:2(10),[3]tbg:4(10)
107|active|1(100)
107|active|2(100)
107|active|3(100)
107|active|4(100)
107|expired|0(100),[1]init:2(10)
107|expired|1(100)
107|expired|2(100)
107|expired|3(100)
107|expired|4(100)
108|active|0(100),[1]init:2(10),[3]tbg:4(10)
108|active|1(100)
108|active|2(100)
108|active|3(100)
108|active|4(100)
108|expired|0(100),[2]sh:2(10)
108|expired|1(100)
108|expired|2(100)
108|expired|3(100)
108|expired|4(100)
109|active|0(100),[2]sh:2(10),[3]tbg:4(10)
109|active|1(100)
109|active|2(100)
109|active|3(100)
109|active|4(100)
109|expired|0(100),[1]init:2(10)
109|expired|1(100)
109|expired|2(100)
109|expired|3(100)
109|expired|4(100)
110|active|0(100),[1]init:2(10),[3]tbg:4(10)
110|active|1(100)
110|active|2(100)
110|active|3(100)
110|active|4(100)
110|expired|0(100),[2]sh:2(10)
110|expired|1(100)
110|expired|2(100)
110|expired|3(100)
110|expired|4(100)
111|active|0(100),[2]sh:2(10),[3]tbg:4(10)
111|active|1(100)
111|active|2(100)
111|active|3(100)
111|active|4(100)
111|expired|0(100),[1]init:2(10)
111|expired|1(100)
111|expired|2(100)
111|expired|3(100)
111|expired|4(100)
112|active|0(100),[1]init:2(10),[3]tbg:4(10)
112|active|1(100)
112|active|2(100)
112|active|3(100)
112|active|4(100)
112|expired|0(100),[2]sh:2(10)
112|expired|1(100)
112|expired|2(100)
112|expired|3(100)
112|expired|4(100)
113|active|0(100),[2]sh:2(10),[3]tbg:4(10)
113|active|1(100)
113|active|2(100)
113|active|3(100)
113|active|4(100)
113|expired|0(100),[1]init:2(10)
113|expired|1(100)
113|expired|2(100)
113|expired|3(100)
113|expired|4(100)
114|active|0(100),[1]init:2(10),[3]tbg:4(10)
114|active|1(100)
114|active|2(100)
114|active|3(100)
114|active|4(100)
114|expired|0(100),[2]sh:2(10)
114|expired|1(100)
114|expired|2(100)
114|expired|3(100)
114|expired|4(100)
115|active|0(100),[2]sh:2(10),[3]tbg:4(10)
115|active|1(100)
115|active|2(100)
115|active|3(100)
115|active|4(100)
115|expired|0(100),[1]init:2(10)
115|expired|1(100)
115|expired|2(100)
115|expired|3(100)
115|expired|4(100)
116|active|0(100),[1]init:2(10),[3]tbg:4(10)
116|active|1(100)
116|active|2(100)
116|active|3(100)
116|active|4(100)
116|expired|0(100),[2]sh:2(10)
116|expired|1(100)
116|expired|2(100)
116|expired|3(100)
116|expired|4(100)
117|active|0(100),[2]sh:2(10),[3]tbg:4(10)
117|active|1(100)
117|active|2(100)
117|active|3(100)
117|active|4(100)
117|expired|0(100),[1]init:2(10)
117|expired|1(100)
117|expired|2(100)
117|expired|3(100)
117|expired|4(100)
118|active|0(100),[1]init:2(10),[3]tbg:4(10)
118|active|1(100)
118|active|2(100)
118|active|3(100)
118|active|4(100)
118|expired|0(100),[2]sh:2(10)
118|expired|1(100)
118|expired|2(100)
118|expired|3(100)
118|expired|4(100)
119|active|0(100),[2]sh:2(10),[3]tbg:4(10)
119|active|1(100)
119|active|2(100)
119|active|3(100)
119|active|4(100)
119|expired|0(100),[1]init:2(10)
119|expired|1(100)
119|expired|2(100)
119|expired|3(100)
119|expired|4(100)
120|active|0(100),[1]init:2(10),[3]tbg:4(10)
120|active|1(100)
120|active|2(100)
120|active|3(100)
120|active|4(100)
120|expired|0(100),[2]sh:2(10)
120|expired|1(100)
120|expired|2(100)
120|expired|3(100)
120|expired|4(100)
121|active|0(100),[2]sh:2(10),[3]tbg:4(10)
121|active|1(100)
121|active|2(100)
121|active|3(100)
121|active|4(100)
121|expired|0(100),[1]init:2(10)
121|expired|1(100)
121|expired|2(100)
121|expired|3(100)
121|expired|4(100)
122|active|0(100),[1]init:2(10),[3]tbg:4(10)
122|active|1(100)
122|active|2(100)
122|active|3(100)
122|active|4(100)
122|expired|0(100),[2]sh:2(10)
122|expired|1(100)
122|expired|2(100)
122|expired|3(100)
122|expired|4(100)
123|active|0(100),[2]sh:2(10),[3]tbg:4(10)
123|active|1(100)
123|active|2(100)
123|active|3(100)
123|active|4(100)
123|expired|0(100),[1]init:2(10)
123|expired|1(100)
123|expired|2(100)
123|expired|3(100)
123|expired|4(100)
124|active|0(100),[1]init:2(10),[3]tbg:4(10)
124|active|1(100)
124|active|2(100)
124|active|3(100)
124|active|4(100)
124|expired|0(100),[2]sh:2(10)
124|expired|1(100)
124|expired|2(100)
124|expired|3(100)
124|expired|4(100)
125|active|0(100),[2]sh:2(10),[3]tbg:4(10)
125|active|1(100)
125|active|2(100)
125|active|3(100)
125|active|4(100)
125|expired|0(100),[1]init:2(10)
125|expired|1(100)
125|expired|2(100)
125|expired|3(100)
125|expired|4(100)
126|active|0(100),[1]init:2(10),[3]tbg:4(10)
126|active|1(100)
126|active|2(100)
126|active|3(100)
126|active|4(100)
126|expired|0(100),[2]sh:2(10)
126|expired|1(100)
126|expired|2(100)
126|expired|3(100)
126|expired|4(100)
127|active|0(100),[2]sh:2(10),[3]tbg:4(10)
127|active|1(100)
127|active|2(100)
127|active|3(100)
127|active|4(100)
127|expired|0(100),[1]init:2(10)
127|expired|1(100)
127|expired|2(100)
127|expired|3(100)
127|expired|4(100)
128|active|0(100),[1]init:2(10),[3]tbg:4(10)
128|active|1(100)
128|active|2(100)
128|active|3(100)
128|active|4(100)
128|expired|0(100),[2]sh:2(10)
128|expired|1(100)
128|expired|2(100)
128|expired|3(100)
128|expired|4(100)
129|active|0(100),[2]sh:2(10),[3]tbg:4(10)
129|active|1(100)
129|active|2(100)
129|active|3(100)
129|active|4(100)
129|expired|0(100),[1]init:2(10)
129|expired|1(100)
129|expired|2(100)
129|expired|3(100)
129|expired|4(100)
130|active|0(100),[1]init:2(10),[3]tbg:4(10)
130|active|1(100)
130|active|2(100)
130|active|3(100)
130|active|4(100)
130|expired|0(100),[2]sh:2(10)
130|expired|1(100)
130|expired|2(100)
130|expired|3(100)
130|expired|4(100)
131|active|0(100),[2]sh:2(10),[3]tbg:4(10)
131|active|1(100)
131|active|2(100)
131|active|3(100)
131|active|4(100)
131|expired|0(100),[1]init:2(10)
131|expired|1(100)
131|expired|2(100)
131|expired|3(100)
131|expired|4(100)
132|active|0(100),[1]init:2(10),[3]tbg:4(10)
132|active|1(100)
132|active|2(100)
132|active|3(100)
132|active|4(100)
132|expired|0(100),[2]sh:2(10)
132|expired|1(100)
132|expired|2(100)
132|expired|3(100)
132|expired|4(100)
133|active|0(100),[2]sh:2(10),[3]tbg:4(10)
133|active|1(100)
133|active|2(100)
133|active|3(100)
133|active|4(100)
133|expired|0(100),[1]init:2(10)
133|expired|1(100)
133|expired|2(100)
133|expired|3(100)
133|expired|4(100)
134|active|0(100),[1]init:2(10),[3]tbg:4(10)
134|active|1(100)
134|active|2(100)
134|active|3(100)
134|active|4(100)
134|expired|0(100),[2]sh:2(10)
134|expired|1(100)
134|expired|2(100)
134|expired|3(100)
134|expired|4(100)
135|active|0(100),[2]sh:2(10),[3]tbg:4(10)
135|active|1(100)
135|active|2(100)
135|active|3(100)
135|active|4(100)
135|expired|0(100),[1]init:2(10)
135|expired|1(100)
135|expired|2(100)
135|expired|3(100)
135|expired|4(100)
136|active|0(100),[1]init:2(10),[3]tbg:4(10)
136|active|1(100)
136|active|2(100)
136|active|3(100)
136|active|4(100)
136|expired|0(100),[2]sh:2(10)
136|expired|1(100)
136|expired|2(100)
136|expired|3(100)
136|expired|4(100)
137|active|0(100),[2]sh:2(10),[3]tbg:4(10)
137|active|1(100)
137|active|2(100)
137|active|3(100)
137|active|4(100)
137|expired|0(100),[1]init:2(10)
137|expired|1(100)
137|expired|2(100)
137|expired|3(100)
137|expired|4(100)
138|active|0(100),[1]init:2(10),[3]tbg:4(10)
138|active|1(100)
138|active|2(100)
138|active|3(100)
138|active|4(100)
138|expired|0(100),[2]sh:2(10)
138|expired|1(100)
138|expired|2(100)
138|expired|3(100)
138|expired|4(100)
139|active|0(100),[2]sh:2(10),[3]tbg:4(10)
139|active|1(100)
139|active|2(100)
139|active|3(100)
139|active|4(100)
139|expired|0(100),[1]init:2(10)
139|expired|1(100)
139|expired|2(100)
139|expired|3(100)
139|expired|4(100)
140|active|0(100),[1]init:2(10),[3]tbg:4(10)
140|active|1(100)
140|active|2(100)
140|active|3(100)
140|active|4(100)
140|expired|0(100),[2]sh:2(10)
140|expired|1(100)
140|expired|2(100)
140|expired|3(100)
140|expired|4(100)
141|active|0(100),[2]sh:2(10),[3]tbg:4(10)
141|active|1(100)
141|active|2(100)
141|active|3(100)
141|active|4(100)
141|expired|0(100),[1]init:2(10)
141|expired|1(100)
141|expired|2(100)
141|expired|3(100)
141|expired|4(100)
142|active|0(100),[1]init:2(10),[3]tbg:4(10)
142|active|1(100)
142|active|2(100)
142|active|3(100)
142|active|4(100)
142|expired|0(100),[2]sh:2(10)
142|expired|1(100)
142|expired|2(100)
142|expired|3(100)
142|expired|4(100)
143|active|0(100),[2]sh:2(10),[3]tbg:4(10)
143|active|1(100)
143|active|2(100)
143|active|3(100)
143|active|4(100)
143|expired|0(100),[1]init:2(10)
143|expired|1(100)
143|expired|2(100)
143|expired|3(100)
143|expired|4(100)
144|active|0(100),[1]init:2(10),[3]tbg:4(10)
144|active|1(100)
144|active|2(100)
144|active|3(100)
144|active|4(100)
144|expired|0(100),[2]sh:2(10)
144|expired|1(100)
144|expired|2(100)
144|expired|3(100)
144|expired|4(100)
145|active|0(100),[2]sh:2(10),[3]tbg:4(10)
145|active|1(100)
145|active|2(100)
145|active|3(100)
145|active|4(100)
145|expired|0(100),[1]init:2(10)
145|expired|1(100)
145|expired|2(100)
145|expired|3(100)
145|expired|4(100)
146|active|0(100),[1]init:2(10),[3]tbg:4(10)
146|active|1(100)
146|active|2(100)
146|active|3(100)
146|active|4(100)
146|expired|0(100),[2]sh:2(10)
146|expired|1(100)
146|expired|2(100)
146|expired|3(100)
146|expired|4(100)
147|active|0(100),[2]sh:2(10),[3]tbg:4(10)
147|active|1(100)
147|active|2(100)
147|active|3(100)
147|active|4(100)
147|expired|0(100),[1]init:2(10)
147|expired|1(100)
147|expired|2(100)
147|expired|3(100)
147|expired|4(100)
148|active|0(100),[1]init:2(10),[3]tbg:4(10)
148|active|1(100)
148|active|2(100)
148|active|3(100)
148|active|4(100)
148|expired|0(100),[2]sh:2(10)
148|expired|1(100)
148|expired|2(100)
148|expired|3(100)
148|expired|4(100)
149|active|0(100),[2]sh:2(10),[3]tbg:4(10)
149|active|1(100)
149|active|2(100)
149|active|3(100)
149|active|4(100)
149|expired|0(100),[1]init:2(10)
149|expired|1(100)
149|expired|2(100)
149|expired|3(100)
149|expired|4(100)
150|active|0(100),[1]init:2(10),[3]tbg:4(10)
150|active|1(100)
150|active|2(100)
150|active|3(100)
150|active|4(100)
150|expired|0(100),[2]sh:2(10)
150|expired|1(100)
150|expired|2(100)
150|expired|3(100)
150|expired|4(100)
151|active|0(100),[2]sh:2(10),[3]tbg:4(10)
151|active|1(100)
151|active|2(100)
151|active|3(100)
151|active|4(100)
151|expired|0(100),[1]init:2(10)
151|expired|1(100)
151|expired|2(100)
151|expired|3(100)
151|expired|4(100)
152|active|0(100),[1]init:2(10),[3]tbg:4(10)
152|active|1(100)
152|active|2(100)
152|active|3(100)
152|active|4(100)
152|expired|0(100),[2]sh:2(10)
152|expired|1(100)
152|expired|2(100)
152|expired|3(100)
152|expired|4(100)
153|active|0(100),[2]sh:2(10),[3]tbg:4(10)
153|active|1(100)
153|active|2(100)
153|active|3(100)
153|active|4(100)
153|expired|0(100),[1]init:2(10)
153|expired|1(100)
153|expired|2(100)
153|expired|3(100)
153|expired|4(100)
154|active|0(100),[1]init:2(10),[3]tbg:4(10)
154|active|1(100)
154|active|2(100)
154|active|3(100)
154|active|4(100)
154|expired|0(100),[2]sh:2(10)
154|expired|1(100)
154|expired|2(100)
154|expired|3(100)
154|expired|4(100)
155|active|0(100),[2]sh:2(10),[3]tbg:4(10)
155|active|1(100)
155|active|2(100)
155|active|3(100)
155|active|4(100)
155|expired|0(100),[1]init:2(10)
155|expired|1(100)
155|expired|2(100)
155|expired|3(100)
155|expired|4(100)
156|active|0(100),[1]init:2(10),[3]tbg:4(10)
156|active|1(100)
156|active|2(100)
156|active|3(100)
156|active|4(100)
156|expired|0(100),[2]sh:2(10)
156|expired|1(100)
156|expired|2(100)
156|expired|3(100)
156|expired|4(100)
157|active|0(100),[2]sh:2(10),[3]tbg:4(10)
157|active|1(100)
157|active|2(100)
157|active|3(100)
157|active|4(100)
157|expired|0(100),[1]init:2(10)
157|expired|1(100)
157|expired|2(100)
157|expired|3(100)
157|expired|4(100)
158|active|0(100),[1]init:2(10),[3]tbg:4(10)
158|active|1(100)
158|active|2(100)
158|active|3(100)
158|active|4(100)
158|expired|0(100),[2]sh:2(10)
158|expired|1(100)
158|expired|2(100)
158|expired|3(100)
158|expired|4(100)
159|active|0(100),[2]sh:2(10),[3]tbg:4(10)
159|active|1(100)
159|active|2(100)
159|active|3(100)
159|active|4(100)
159|expired|0(100),[1]init:2(10)
159|expired|1(100)
159|expired|2(100)
159|expired|3(100)
159|expired|4(100)
160|active|0(100),[1]init:2(10),[3]tbg:4(10)
160|active|1(100)
160|active|2(100)
160|active|3(100)
160|active|4(100)
160|expired|0(100),[2]sh:2(10)
160|expired|1(100)
160|expired|2(100)
160|expired|3(100)
160|expired|4(100)
161|active|0(100),[2]sh:2(10),[3]tbg:4(10)
161|active|1(100)
161|active|2(100)
161|active|3(100)
161|active|4(100)
161|expired|0(100),[1]init:2(10)
161|expired|1(100)
161|expired|2(100)
161|expired|3(100)
161|expired|4(100)
162|active|0(100),[1]init:2(10),[3]tbg:4(10)
162|active|1(100)
162|active|2(100)
162|active|3(100)
162|active|4(100)
162|expired|0(100),[2]sh:2(10)
162|expired|1(100)
162|expired|2(100)
162|expired|3(100)
162|expired|4(100)
163|active|0(100),[2]sh:2(10),[3]tbg:4(10)
163|active|1(100)
163|active|2(100)
163|active|3(100)
163|active|4(100)
163|expired|0(100),[1]init:2(10)
163|expired|1(100)
163|expired|2(100)
163|expired|3(100)
163|expired|4(100)
164|active|0(100),[1]init:2(10),[3]tbg:4(10)
164|active|1(100)
164|active|2(100)
164|active|3(100)
164|active|4(100)
164|expired|0(100),[2]sh:2(10)
164|expired|1(100)
164|expired|2(100)
164|expired|3(100)
164|expired|4(100)
165|active|0(100),[2]sh:2(10),[3]tbg:4(10)
165|active|1(100)
165|active|2(100)
165|active|3(100)
165|active|4(100)
165|expired|0(100),[1]init:2(10)
165|expired|1(100)
165|expired|2(100)
165|expired|3(100)
165|expired|4(100)
166|active|0(100),[1]init:2(10),[3]tbg:4(10)
166|active|1(100)
166|active|2(100)
166|active|3(100)
166|active|4(100)
166|expired|0(100),[2]sh:2(10)
166|expired|1(100)
166|expired|2(100)
166|expired|3(100)
166|expired|4(100)
167|active|0(100),[2]sh:2(10),[3]tbg:4(10)
167|active|1(100)
167|active|2(100)
167|active|3(100)
167|active|4(100)
167|expired|0(100),[1]init:2(10)
167|expired|1(100)
167|expired|2(100)
167|expired|3(100)
167|expired|4(100)
168|active|0(100),[1]init:2(10),[3]tbg:4(10)
168|active|1(100)
168|active|2(100)
168|active|3(100)
168|active|4(100)
168|expired|0(100),[2]sh:2(10)
168|expired|1(100)
168|expired|2(100)
168|expired|3(100)
168|expired|4(100)
169|active|0(100),[2]sh:2(10),[3]tbg:4(10)
169|active|1(100)
169|active|2(100)
169|active|3(100)
169|active|4(100)
169|expired|0(100),[1]init:2(10)
169|expired|1(100)
169|expired|2(100)
169|expired|3(100)
169|expired|4(100)
170|active|0(100),[1]init:2(10),[3]tbg:4(10)
170|active|1(100)
170|active|2(100)
170|active|3(100)
170|active|4(100)
170|expired|0(100),[2]sh:2(10)
170|expired|1(100)
170|expired|2(100)
170|expired|3(100)
170|expired|4(100)
171|active|0(100),[2]sh:2(10),[3]tbg:4(10)
171|active|1(100)
171|active|2(100)
171|active|3(100)
171|active|4(100)
171|expired|0(100),[1]init:2(10)
171|expired|1(100)
171|expired|2(100)
171|expired|3(100)
171|expired|4(100)
172|active|0(100),[1]init:2(10),[3]tbg:4(10)
172|active|1(100)
172|active|2(100)
172|active|3(100)
172|active|4(100)
172|expired|0(100),[2]sh:2(10)
172|expired|1(100)
172|expired|2(100)
172|expired|3(100)
172|expired|4(100)
173|active|0(100),[2]sh:2(10),[3]tbg:4(10)
173|active|1(100)
173|active|2(100)
173|active|3(100)
173|active|4(100)
173|expired|0(100),[1]init:2(10)
173|expired|1(100)
173|expired|2(100)
173|expired|3(100)
173|expired|4(100)
174|active|0(100),[1]init:2(10),[3]tbg:4(10)
174|active|1(100)
174|active|2(100)
174|active|3(100)
174|active|4(100)
174|expired|0(100),[2]sh:2(10)
174|expired|1(100)
174|expired|2(100)
174|expired|3(100)
174|expired|4(100)
175|active|0(100),[2]sh:2(10),[3]tbg:4(10)
175|active|1(100)
175|active|2(100)
175|active|3(100)
175|active|4(100)
175|expired|0(100),[1]init:2(10)
175|expired|1(100)
175|expired|2(100)
175|expired|3(100)
175|expired|4(100)
176|active|0(100),[1]init:2(10),[3]tbg:4(10)
176|active|1(100)
176|active|2(100)
176|active|3(100)
176|active|4(100)
176|expired|0(100),[2]sh:2(10)
176|expired|1(100)
176|expired|2(100)
176|expired|3(100)
176|expired|4(100)
177|active|0(100),[2]sh:2(10),[3]tbg:4(10)
177|active|1(100)
177|active|2(100)
177|active|3(100)
177|active|4(100)
177|expired|0(100),[1]init:2(10)
177|expired|1(100)
177|expired|2(100)
177|expired|3(100)
177|expired|4(100)
178|active|0(100),[1]init:2(10),[3]tbg:4(10)
178|active|1(100)
178|active|2(100)
178|active|3(100)
178|active|4(100)
178|expired|0(100),[2]sh:2(10)
178|expired|1(100)
178|expired|2(100)
178|expired|3(100)
178|expired|4(100)
179|active|0(100),[2]sh:2(10),[3]tbg:4(10)
179|active|1(100)
179|active|2(100)
179|active|3(100)
179|active|4(100)
179|expired|0(100),[1]init:2(10)
179|expired|1(100)
179|expired|2(100)
179|expired|3(100)
179|expired|4(100)
180|active|0(100),[1]init:2(10),[3]tbg:4(10)
180|active|1(100)
180|active|2(100)
180|active|3(100)
180|active|4(100)
180|expired|0(100),[2]sh:2(10)
180|expired|1(100)
180|expired|2(100)
180|expired|3(100)
180|expired|4(100)
181|active|0(100),[2]sh:2(10),[3]tbg:4(10)
181|active|1(100)
181|active|2(100)
181|active|3(100)
181|active|4(100)
181|expired|0(100),[1]init:2(10)
181|expired|1(100)
181|expired|2(100)
181|expired|3(100)
181|expired|4(100)
182|active|0(100),[1]init:2(10),[3]tbg:4(10)
182|active|1(100)
182|active|2(100)
182|active|3(100)
182|active|4(100)
182|expired|0(100),[2]sh:2(10)
182|expired|1(100)
182|expired|2(100)
182|expired|3(100)
182|expired|4(100)
183|active|0(100),[2]sh:2(10),[3]tbg:4(10)
183|active|1(100)
183|active|2(100)
183|active|3(100)
183|active|4(100)
183|expired|0(100),[1]init:2(10)
183|expired|1(100)
183|expired|2(100)
183|expired|3(100)
183|expired|4(100)
184|active|0(100),[1]init:2(10),[3]tbg:4(10)
184|active|1(100)
184|active|2(100)
184|active|3(100)
184|active|4(100)
184|expired|0(100),[2]sh:2(10)
184|expired|1(100)
184|expired|2(100)
184|expired|3(100)
184|expired|4(100)
185|active|0(100),[2]sh:2(10),[3]tbg:4(10)
185|active|1(100)
185|active|2(100)
185|active|3(100)
185|active|4(100)
185|expired|0(100),[1]init:2(10)
185|expired|1(100)
185|expired|2(100)
185|expired|3(100)
185|expired|4(100)
186|active|0(100),[1]init:2(10),[3]tbg:4(10)
186|active|1(100)
186|active|2(100)
186|active|3(100)
186|active|4(100)
186|expired|0(100),[2]sh:2(10)
186|expired|1(100)
186|expired|2(100)
186|expired|3(100)
186|expired|4(100)
187|active|0(100),[2]sh:2(10),[3]tbg:4(10)
187|active|1(100)
187|active|2(100)
187|active|3(100)
187|active|4(100)
187|expired|0(100),[1]init:2(10)
187|expired|1(100)
187|expired|2(100)
187|expired|3(100)
187|expired|4(100)
188|active|0(100),[1]init:2(10),[3]tbg:4(10)
188|active|1(100)
188|active|2(100)
188|active|3(100)
188|active|4(100)
188|expired|0(100),[2]sh:2(10)
188|expired|1(100)
188|expired|2(100)
188|expired|3(100)
188|expired|4(100)
189|active|0(100),[2]sh:2(10),[3]tbg:4(10)
189|active|1(100)
189|active|2(100)
189|active|3(100)
189|active|4(100)
189|expired|0(100),[1]init:2(10)
189|expired|1(100)
189|expired|2(100)
189|expired|3(100)
189|expired|4(100)
190|active|0(100),[1]init:2(10),[3]tbg:4(10)
190|active|1(100)
190|active|2(100)
190|active|3(100)
190|active|4(100)
190|expired|0(100),[2]sh:2(10)
190|expired|1(100)
190|expired|2(100)
190|expired|3(100)
190|expired|4(100)
191|active|0(100),[2]sh:2(10),[3]tbg:4(10)
191|active|1(100)
191|active|2(100)
191|active|3(100)
191|active|4(100)
191|expired|0(100),[1]init:2(10)
191|expired|1(100)
191|expired|2(100)
191|expired|3(100)
191|expired|4(100)
192|active|0(100),[1]init:2(10),[3]tbg:4(10)
192|active|1(100)
192|active|2(100)
192|active|3(100)
192|active|4(100)
192|expired|0(100),[2]sh:2(10)
192|expired|1(100)
192|expired|2(100)
192|expired|3(100)
192|expired|4(100)
193|active|0(100),[2]sh:2(10),[3]tbg:4(10)
193|active|1(100)
193|active|2(100)
193|active|3(100)
193|active|4(100)
193|expired|0(100),[1]init:2(10)
193|expired|1(100)
193|expired|2(100)
193|expired|3(100)
193|expired|4(100)
194|active|0(100),[1]init:2(10),[3]tbg:4(10)
194|active|1(100)
194|active|2(100)
194|active|3(100)
194|active|4(100)
194|expired|0(100),[2]sh:2(10)
194|expired|1(100)
194|expired|2(100)
194|expired|3(100)
194|expired|4(100)
195|active|0(100),[2]sh:2(10),[3]tbg:4(10)
195|active|1(100)
195|active|2(100)
195|active|3(100)
195|active|4(100)
195|expired|0(100),[1]init:2(10)
195|expired|1(100)
195|expired|2(100)
195|expired|3(100)
195|expired|4(100)
196|active|0(100),[1]init:2(10),[3]tbg:4(10)
196|active|1(100)
196|active|2(100)
196|active|3(100)
196|active|4(100)
196|expired|0(100),[2]sh:2(10)
196|expired|1(100)
196|expired|2(100)
196|expired|3(100)
196|expired|4(100)
197|active|0(100),[2]sh:2(10),[3]tbg:4(10)
197|active|1(100)
197|active|2(100)
197|active|3(100)
197|active|4(100)
197|expired|0(100),[1]init:2(10)
197|expired|1(100)
197|expired|2(100)
197|expired|3(100)
197|expired|4(100)
198|active|0(100),[1]init:2(10),[3]tbg:4(10)
198|active|1(100)
198|active|2(100)
198|active|3(100)
198|active|4(100)
198|expired|0(100),[2]sh:2(10)
198|expired|1(100)
198|expired|2(100)
198|expired|3(100)
198|expired|4(100)
199|active|0(100),[2]sh:2(10),[3]tbg:4(10)
199|active|1(100)
199|active|2(100)
199|active|3(100)
199|active|4(100)
199|expired|0(100),[1]init:2(10)
199|expired|1(100)
199|expired|2(100)
199|expired|3(100)
199|expired|4(100)
200|active|0(100),[1]init:2(10),[3]tbg:4(10)
200|active|1(100)
200|active|2(100)
200|active|3(100)
200|active|4(100)
200|expired|0(100),[2]sh:2(10)
200|expired|1(100)
200|expired|2(100)
200|expired|3(100)
200|expired|4(100)
201|active|0(100),[2]sh:2(10),[3]tbg:4(10)
201|active|1(100)
201|active|2(100)
201|active|3(100)
201|active|4(100)
201|expired|0(100),[1]init:2(10)
201|expired|1(100)
201|expired|2(100)
201|expired|3(100)
201|expired|4(100)
202|active|0(100),[1]init:2(10),[3]tbg:4(10)
202|active|1(100)
202|active|2(100)
202|active|3(100)
202|active|4(100)
202|expired|0(100),[2]sh:2(10)
202|expired|1(100)
202|expired|2(100)
202|expired|3(100)
202|expired|4(100)
203|active|0(100),[2]sh:2(10),[3]tbg:4(10)
203|active|1(100)
203|active|2(100)
203|active|3(100)
203|active|4(100)
203|expired|0(100),[1]init:2(10)
203|expired|1(100)
203|expired|2(100)
203|expired|3(100)
203|expired|4(100)
204|active|0(100),[1]init:2(10),[3]tbg:4(10)
204|active|1(100)
204|active|2(100)
204|active|3(100)
204|active|4(100)
204|expired|0(100),[2]sh:2(10)
204|expired|1(100)
204|expired|2(100)
204|expired|3(100)
204|expired|4(100)
205|active|0(100),[2]sh:2(10),[3]tbg:4(10)
205|active|1(100)
205|active|2(100)
205|active|3(100)
205|active|4(100)
205|expired|0(100),[1]init:2(10)
205|expired|1(100)
205|expired|2(100)
205|expired|3(100)
205|expired|4(100)
206|active|0(100),[1]init:2(10),[3]tbg:4(10)
206|active|1(100)
206|active|2(100)
206|active|3(100)
206|active|4(100)
206|expired|0(100),[2]sh:2(10)
206|expired|1(100)
206|expired|2(100)
206|expired|3(100)
206|expired|4(100)
207|active|0(100),[2]sh:2(10),[3]tbg:4(10)
207|active|1(100)
207|active|2(100)
207|active|3(100)
207|active|4(100)
207|expired|0(100),[1]init:2(10)
207|expired|1(100)
207|expired|2(100)
207|expired|3(100)
207|expired|4(100)
208|active|0(100),[1]init:2(10),[3]tbg:4(10)
208|active|1(100)
208|active|2(100)
208|active|3(100)
208|active|4(100)
208|expired|0(100),[2]sh:2(10)
208|expired|1(100)
208|expired|2(100)
208|expired|3(100)
208|expired|4(100)
209|active|0(100),[2]sh:2(10),[3]tbg:4(10)
209|active|1(100)
209|active|2(100)
209|active|3(100)
209|active|4(100)
209|expired|0(100),[1]init:2(10)
209|expired|1(100)
209|expired|2(100)
209|expired|3(100)
209|expired|4(100)
210|active|0(100),[1]init:2(10),[3]tbg:4(10)
210|active|1(100)
210|active|2(100)
210|active|3(100)
210|active|4(100)
210|expired|0(100),[2]sh:2(10)
210|expired|1(100)
210|expired|2(100)
210|expired|3(100)
210|expired|4(100)
211|active|0(100),[2]sh:2(10),[3]tbg:4(10)
211|active|1(100)
211|active|2(100)
211|active|3(100)
211|active|4(100)
211|expired|0(100),[1]init:2(10)
211|expired|1(100)
211|expired|2(100)
211|expired|3(100)
211|expired|4(100)
212|active|0(100),[1]init:2(10),[3]tbg:4(10)
212|active|1(100)
212|active|2(100)
212|active|3(100)
212|active|4(100)
212|expired|0(100),[2]sh:2(10)
212|expired|1(100)
212|expired|2(100)
212|expired|3(100)
212|expired|4(100)
213|active|0(100),[2]sh:2(10),[3]tbg:4(10)
213|active|1(100)
213|active|2(100)
213|active|3(100)
213|active|4(100)
213|expired|0(100),[1]init:2(10)
213|expired|1(100)
213|expired|2(100)
213|expired|3(100)
213|expired|4(100)
214|active|0(100),[1]init:2(10),[3]tbg:4(10)
214|active|1(100)
214|active|2(100)
214|active|3(100)
214|active|4(100)
214|expired|0(100),[2]sh:2(10)
214|expired|1(100)
214|expired|2(100)
214|expired|3(100)
214|expired|4(100)
215|active|0(100),[2]sh:2(10),[3]tbg:4(10)
215|active|1(100)
215|active|2(100)
215|active|3(100)
215|active|4(100)
215|expired|0(100),[1]init:2(10)
215|expired|1(100)
215|expired|2(100)
215|expired|3(100)
215|expired|4(100)
216|active|0(100),[1]init:2(10),[3]tbg:4(10)
216|active|1(100)
216|active|2(100)
216|active|3(100)
216|active|4(100)
216|expired|0(100),[2]sh:2(10)
216|expired|1(100)
216|expired|2(100)
216|expired|3(100)
216|expired|4(100)
217|active|0(100),[2]sh:2(10),[3]tbg:4(10)
217|active|1(100)
217|active|2(100)
217|active|3(100)
217|active|4(100)
217|expired|0(100),[1]init:2(10)
217|expired|1(100)
217|expired|2(100)
217|expired|3(100)
217|expired|4(100)
218|active|0(100),[1]init:2(10),[3]tbg:4(10)
218|active|1(100)
218|active|2(100)
218|active|3(100)
218|active|4(100)
218|expired|0(100),[2]sh:2(10)
218|expired|1(100)
218|expired|2(100)
218|expired|3(100)
218|expired|4(100)
219|active|0(100),[2]sh:2(10),[3]tbg:4(10)
219|active|1(100)
219|active|2(100)
219|active|3(100)
219|active|4(100)
219|expired|0(100),[1]init:2(10)
219|expired|1(100)
219|expired|2(100)
219|expired|3(100)
219|expired|4(100)
220|active|0(100),[1]init:2(10),[3]tbg:4(10)
220|active|1(100)
220|active|2(100)
220|active|3(100)
220|active|4(100)
220|expired|0(100),[2]sh:2(10)
220|expired|1(100)
220|expired|2(100)
220|expired|3(100)
220|expired|4(100)
220|active|0(100),[1]init:2(10),[2]sh:4(10)
220|active|1(100)
220|active|2(100)
220|active|3(100)
220|active|4(100)
220|expired|0(100)
220|expired|1(100)
220|expired|2(100)
220|expired|3(100)
220|expired|4(100)
$ 220|active|0(100),[1]init:2(10),[2]sh:2(10),[4]sh:4(10)
220|active|1(100)
220|active|2(100)
220|active|3(100)
220|active|4(100)
220|expired|0(100)
220|expired|1(100)
220|expired|2(100)
220|expired|3(100)
220|expired|4(100)
220|active|0(100),[4]sh:4(10)
220|active|1(100)
220|active|2(100)
220|active|3(100)
220|active|4(100)
220|expired|0(100),[1]init:2(10),[2]sh:2(10)
220|expired|1(100)
220|expired|2(100)
220|expired|3(100)
220|expired|4(100)
220|active|0(100),[1]init:2(10),[2]sh:2(10),[4]sh:4(10)
220|active|1(100)
220|active|2(100)
220|active|3(100)
220|active|4(100)
220|expired|0(100)
220|expired|1(100)
220|expired|2(100)
220|expired|3(100)
220|expired|4(100)
221|active|0(100),[4]sh:4(10)
221|active|1(100)
221|active|2(100)
221|active|3(100)
221|active|4(100)
221|expired|0(100),[1]init:2(10),[2]sh:2(10)
221|expired|1(100)
221|expired|2(100)
221|expired|3(100)
221|expired|4(100)
221|active|0(100),[1]init:2(10),[2]sh:2(10),[4]sh:4(10)
221|active|1(100)
221|active|2(100)
221|active|3(100)
221|active|4(100)
221|expired|0(100)
221|expired|1(100)
221|expired|2(100)
221|expired|3(100)
221|expired|4(100)
