qemu-system-riscv64 -machine virt -bios none -kernel kernel/kernel -m 128M -smp 1 -nographic -global virtio-mmio.force-legacy=false -drive file=fs.img,if=none,format=raw,id=x0 -device virtio-blk-device,drive=x0,bus=virtio-mmio-bus.0
Using Policy: MQSS

xv6 kernel is booting

init: starting sh
$ tfkcpu
18|active|0(100),[3]tfkcpu:2(10),[4]tfkcpu:4(10),[5]tfkcpu:3(10),[6]tfkcpu:3(10),[7]tfkcpu:3(10)
18|active|1(100)
18|active|2(100)
18|active|3(100)
18|active|4(100)
18|expired|0(100),[1]init:2(10),[2]sh:2(10)
18|expired|1(100)
18|expired|2(100)
18|expired|3(100)
18|expired|4(100)
18|active|0(100),[5]tfkcpu:4(10),[6]tfkcpu:3(10),[7]tfkcpu:3(10),[3]tfkcpu:3(10)
18|active|1(100)
18|active|2(100)
18|active|3(100)
18|active|4(100)
18|expired|0(100),[1]init:2(10),[2]sh:2(10)
18|expired|1(100)
18|expired|2(100)
18|expired|3(100)
18|expired|4(100)
18|active|0(100),[6]tfkcpu:4(10),[7]tfkcpu:3(10),[3]tfkcpu:3(10)
18|active|1(100)
18|active|2(100)
18|active|3(100)
18|active|4(100)
18|expired|0(100),[1]init:2(10),[2]sh:2(10)
18|expired|1(100)
18|expired|2(100)
18|expired|3(100)
18|expired|4(100)
18|active|0(100),[7]tfkcpu:4(10),[3]tfkcpu:3(10)
18|active|1(100)
18|active|2(100)
18|active|3(100)
18|active|4(100)
18|expired|0(100),[1]init:2(10),[2]sh:2(10)
18|expired|1(100)
18|expired|2(100)
18|expired|3(100)
18|expired|4(100)
19|active|0(100),[3]tfkcpu:4(10)
19|active|1(100)
19|active|2(100)
19|active|3(100)
19|active|4(100)
19|expired|0(100),[1]init:2(10),[2]sh:2(10)
19|expired|1(100)
19|expired|2(100)
19|expired|3(100)
19|expired|4(100)
19|active|0(100),[2]sh:4(10)
19|active|1(100)
19|active|2(100)
19|active|3(100)
19|active|4(100)
19|expired|0(100),[1]init:2(10)
19|expired|1(100)
19|expired|2(100)
19|expired|3(100)
19|expired|4(100)
$ shutdown
23|active|0(100),[1]init:2(10),[2]sh:4(10)
23|active|1(100)
23|active|2(100)
23|active|3(100)
23|active|4(100)
23|expired|0(100)
23|expired|1(100)
23|expired|2(100)
23|expired|3(100)
23|expired|4(100)
23|active|0(100),[1]init:2(10),[2]sh:2(10),[8]sh:4(10)
23|active|1(100)
23|active|2(100)
23|active|3(100)
23|active|4(100)
23|expired|0(100)
23|expired|1(100)
23|expired|2(100)
23|expired|3(100)
23|expired|4(100)
23|active|0(100),[8]sh:4(10)
23|active|1(100)
23|active|2(100)
23|active|3(100)
23|active|4(100)
23|expired|0(100),[1]init:2(10),[2]sh:2(10)
23|expired|1(100)
23|expired|2(100)
23|expired|3(100)
23|expired|4(100)
23|active|0(100),[1]init:2(10),[2]sh:2(10),[8]sh:4(10)
23|active|1(100)
23|active|2(100)
23|active|3(100)
23|active|4(100)
23|expired|0(100)
23|expired|1(100)
23|expired|2(100)
23|expired|3(100)
23|expired|4(100)
23|active|0(100),[8]sh:4(10)
23|active|1(100)
23|active|2(100)
23|active|3(100)
23|active|4(100)
23|expired|0(100),[1]init:2(10),[2]sh:2(10)
23|expired|1(100)
23|expired|2(100)
23|expired|3(100)
23|expired|4(100)
23|active|0(100),[1]init:2(10),[2]sh:2(10),[8]sh:4(10)
23|active|1(100)
23|active|2(100)
23|active|3(100)
23|active|4(100)
23|expired|0(100)
23|expired|1(100)
23|expired|2(100)
23|expired|3(100)
23|expired|4(100)
