qemu-system-riscv64 -machine virt -bios none -kernel kernel/kernel -m 128M -smp 1 -nographic -global virtio-mmio.force-legacy=false -drive file=fs.img,if=none,format=raw,id=x0 -device virtio-blk-device,drive=x0,bus=virtio-mmio-bus.0
Using Policy: MQSS

xv6 kernel is booting

init: starting sh
$ tfkio
18|active|0(100),[3]tfkio:2(10),[4]tfkio:4(10),[5]tfkio:3(10),[6]tfkio:3(10),[7]tfkio:3(10)
18|active|1(100)
18|active|2(100)
18|active|3(100)
18|active|4(100)
18|expired|0(100),[1]init:2(10),[2]sh:2(10)
18|expired|1(100)
18|expired|2(100)
18|expired|3(100)
18|expired|4(100)
18|active|0(100),[3]tfkio:2(10),[4]tfkio:2(10),[5]tfkio:4(10),[6]tfkio:3(10),[7]tfkio:3(10)
18|active|1(100)
18|active|2(100)
18|active|3(100)
18|active|4(100)
18|expired|0(100),[1]init:2(10),[2]sh:2(10)
18|expired|1(100)
18|expired|2(100)
18|expired|3(100)
18|expired|4(100)
18|active|0(100),[3]tfkio:2(10),[4]tfkio:2(10),[5]tfkio:2(10),[6]tfkio:4(10),[7]tfkio:3(10)
18|active|1(100)
18|active|2(100)
18|active|3(100)
18|active|4(100)
18|expired|0(100),[1]init:2(10),[2]sh:2(10)
18|expired|1(100)
18|expired|2(100)
18|expired|3(100)
18|expired|4(100)
18|active|0(100),[3]tfkio:2(10),[4]tfkio:2(10),[5]tfkio:2(10),[6]tfkio:2(10),[7]tfkio:4(10)
18|active|1(100)
18|active|2(100)
18|active|3(100)
18|active|4(100)
18|expired|0(100),[1]init:2(10),[2]sh:2(10)
18|expired|1(100)
18|expired|2(100)
18|expired|3(100)
18|expired|4(100)
19|active|0(100),[1]init:2(10),[2]sh:2(10),[4]tfkio:4(10),[5]tfkio:3(10),[6]tfkio:3(10),[7]tfkio:3(10)
19|active|1(100)
19|active|2(100)
19|active|3(100)
19|active|4(100)
19|expired|0(100),[3]tfkio:2(10)
19|expired|1(100)
19|expired|2(100)
19|expired|3(100)
19|expired|4(100)
19|active|0(100),[1]init:2(10),[2]sh:2(10),[4]tfkio:2(10),[5]tfkio:4(10),[6]tfkio:3(10),[7]tfkio:3(10)
19|active|1(100)
19|active|2(100)
19|active|3(100)
19|active|4(100)
19|expired|0(100),[3]tfkio:2(10)
19|expired|1(100)
19|expired|2(100)
19|expired|3(100)
19|expired|4(100)
19|active|0(100),[1]init:2(10),[2]sh:2(10),[4]tfkio:2(10),[5]tfkio:2(10),[6]tfkio:4(10),[7]tfkio:3(10)
19|active|1(100)
19|active|2(100)
19|active|3(100)
19|active|4(100)
19|expired|0(100),[3]tfkio:2(10)
19|expired|1(100)
19|expired|2(100)
19|expired|3(100)
19|expired|4(100)
19|active|0(100),[1]init:2(10),[2]sh:2(10),[4]tfkio:2(10),[5]tfkio:2(10),[6]tfkio:2(10),[7]tfkio:4(10)
19|active|1(100)
19|active|2(100)
19|active|3(100)
19|active|4(100)
19|expired|0(100),[3]tfkio:2(10)
19|expired|1(100)
19|expired|2(100)
19|expired|3(100)
19|expired|4(100)
20|active|0(100),[3]tfkio:2(10),[4]tfkio:4(10),[5]tfkio:3(10),[6]tfkio:3(10),[7]tfkio:3(10)
20|active|1(100)
20|active|2(100)
20|active|3(100)
20|active|4(100)
20|expired|0(100),[1]init:2(10),[2]sh:2(10)
20|expired|1(100)
20|expired|2(100)
20|expired|3(100)
20|expired|4(100)
20|active|0(100),[3]tfkio:2(10),[4]tfkio:2(10),[5]tfkio:4(10),[6]tfkio:3(10),[7]tfkio:3(10)
20|active|1(100)
20|active|2(100)
20|active|3(100)
20|active|4(100)
20|expired|0(100),[1]init:2(10),[2]sh:2(10)
20|expired|1(100)
20|expired|2(100)
20|expired|3(100)
20|expired|4(100)
20|active|0(100),[3]tfkio:2(10),[4]tfkio:2(10),[5]tfkio:2(10),[6]tfkio:4(10),[7]tfkio:3(10)
20|active|1(100)
20|active|2(100)
20|active|3(100)
20|active|4(100)
20|expired|0(100),[1]init:2(10),[2]sh:2(10)
20|expired|1(100)
20|expired|2(100)
20|expired|3(100)
20|expired|4(100)
20|active|0(100),[3]tfkio:2(10),[4]tfkio:2(10),[5]tfkio:2(10),[6]tfkio:2(10),[7]tfkio:4(10)
20|active|1(100)
20|active|2(100)
20|active|3(100)
20|active|4(100)
20|expired|0(100),[1]init:2(10),[2]sh:2(10)
20|expired|1(100)
20|expired|2(100)
20|expired|3(100)
20|expired|4(100)
21|active|0(100),[1]init:2(10),[2]sh:2(10),[4]tfkio:4(10),[5]tfkio:3(10),[6]tfkio:3(10),[7]tfkio:3(10)
21|active|1(100)
21|active|2(100)
21|active|3(100)
21|active|4(100)
21|expired|0(100),[3]tfkio:2(10)
21|expired|1(100)
21|expired|2(100)
21|expired|3(100)
21|expired|4(100)
21|active|0(100),[1]init:2(10),[2]sh:2(10),[4]tfkio:2(10),[5]tfkio:4(10),[6]tfkio:3(10),[7]tfkio:3(10)
21|active|1(100)
21|active|2(100)
21|active|3(100)
21|active|4(100)
21|expired|0(100),[3]tfkio:2(10)
21|expired|1(100)
21|expired|2(100)
21|expired|3(100)
21|expired|4(100)
21|active|0(100),[1]init:2(10),[2]sh:2(10),[4]tfkio:2(10),[5]tfkio:2(10),[6]tfkio:4(10),[7]tfkio:3(10)
21|active|1(100)
21|active|2(100)
21|active|3(100)
21|active|4(100)
21|expired|0(100),[3]tfkio:2(10)
21|expired|1(100)
21|expired|2(100)
21|expired|3(100)
21|expired|4(100)
21|active|0(100),[1]init:2(10),[2]sh:2(10),[4]tfkio:2(10),[5]tfkio:2(10),[6]tfkio:2(10),[7]tfkio:4(10)
21|active|1(100)
21|active|2(100)
21|active|3(100)
21|active|4(100)
21|expired|0(100),[3]tfkio:2(10)
21|expired|1(100)
21|expired|2(100)
21|expired|3(100)
21|expired|4(100)
22|active|0(100),[3]tfkio:2(10),[4]tfkio:4(10),[5]tfkio:3(10),[6]tfkio:3(10),[7]tfkio:3(10)
22|active|1(100)
22|active|2(100)
22|active|3(100)
22|active|4(100)
22|expired|0(100),[1]init:2(10),[2]sh:2(10)
22|expired|1(100)
22|expired|2(100)
22|expired|3(100)
22|expired|4(100)
22|active|0(100),[3]tfkio:2(10),[4]tfkio:2(10),[5]tfkio:4(10),[6]tfkio:3(10),[7]tfkio:3(10)
22|active|1(100)
22|active|2(100)
22|active|3(100)
22|active|4(100)
22|expired|0(100),[1]init:2(10),[2]sh:2(10)
22|expired|1(100)
22|expired|2(100)
22|expired|3(100)
22|expired|4(100)
22|active|0(100),[3]tfkio:2(10),[4]tfkio:2(10),[5]tfkio:2(10),[6]tfkio:4(10),[7]tfkio:3(10)
22|active|1(100)
22|active|2(100)
22|active|3(100)
22|active|4(100)
22|expired|0(100),[1]init:2(10),[2]sh:2(10)
22|expired|1(100)
22|expired|2(100)
22|expired|3(100)
22|expired|4(100)
22|active|0(100),[3]tfkio:2(10),[4]tfkio:2(10),[5]tfkio:2(10),[6]tfkio:2(10),[7]tfkio:4(10)
22|active|1(100)
22|active|2(100)
22|active|3(100)
22|active|4(100)
22|expired|0(100),[1]init:2(10),[2]sh:2(10)
22|expired|1(100)
22|expired|2(100)
22|expired|3(100)
22|expired|4(100)
23|active|0(100),[1]init:2(10),[2]sh:2(10),[4]tfkio:4(10),[5]tfkio:3(10),[6]tfkio:3(10),[7]tfkio:3(10)
23|active|1(100)
23|active|2(100)
23|active|3(100)
23|active|4(100)
23|expired|0(100),[3]tfkio:2(10)
23|expired|1(100)
23|expired|2(100)
23|expired|3(100)
23|expired|4(100)
23|active|0(100),[1]init:2(10),[2]sh:2(10),[4]tfkio:2(10),[5]tfkio:4(10),[6]tfkio:3(10),[7]tfkio:3(10)
23|active|1(100)
23|active|2(100)
23|active|3(100)
23|active|4(100)
23|expired|0(100),[3]tfkio:2(10)
23|expired|1(100)
23|expired|2(100)
23|expired|3(100)
23|expired|4(100)
23|active|0(100),[1]init:2(10),[2]sh:2(10),[4]tfkio:2(10),[5]tfkio:2(10),[6]tfkio:4(10),[7]tfkio:3(10)
23|active|1(100)
23|active|2(100)
23|active|3(100)
23|active|4(100)
23|expired|0(100),[3]tfkio:2(10)
23|expired|1(100)
23|expired|2(100)
23|expired|3(100)
23|expired|4(100)
23|active|0(100),[1]init:2(10),[2]sh:2(10),[4]tfkio:2(10),[5]tfkio:2(10),[6]tfkio:2(10),[7]tfkio:4(10)
23|active|1(100)
23|active|2(100)
23|active|3(100)
23|active|4(100)
23|expired|0(100),[3]tfkio:2(10)
23|expired|1(100)
23|expired|2(100)
23|expired|3(100)
23|expired|4(100)
shutdown
24|active|0(100),[1]init:2(10),[2]sh:2(10),[4]tfkio:4(10),[5]tfkio:3(10),[6]tfkio:3(10),[7]tfkio:3(10)
24|active|1(100)
24|active|2(100)
24|active|3(100)
24|active|4(100)
24|expired|0(100),[3]tfkio:2(10)
24|expired|1(100)
24|expired|2(100)
24|expired|3(100)
24|expired|4(100)
24|active|0(100),[1]init:2(10),[2]sh:2(10),[4]tfkio:2(10),[5]tfkio:4(10),[6]tfkio:3(10),[7]tfkio:3(10)
24|active|1(100)
24|active|2(100)
24|active|3(100)
24|active|4(100)
24|expired|0(100),[3]tfkio:2(10)
24|expired|1(100)
24|expired|2(100)
24|expired|3(100)
24|expired|4(100)
24|active|0(100),[1]init:2(10),[2]sh:2(10),[4]tfkio:2(10),[5]tfkio:2(10),[6]tfkio:4(10),[7]tfkio:3(10)
24|active|1(100)
24|active|2(100)
24|active|3(100)
24|active|4(100)
24|expired|0(100),[3]tfkio:2(10)
24|expired|1(100)
24|expired|2(100)
24|expired|3(100)
24|expired|4(100)
24|active|0(100),[1]init:2(10),[2]sh:2(10),[4]tfkio:2(10),[5]tfkio:2(10),[6]tfkio:2(10),[7]tfkio:4(10)
24|active|1(100)
24|active|2(100)
24|active|3(100)
24|active|4(100)
24|expired|0(100),[3]tfkio:2(10)
24|expired|1(100)
24|expired|2(100)
24|expired|3(100)
24|expired|4(100)
25|active|0(100),[3]tfkio:2(10),[4]tfkio:4(10),[5]tfkio:3(10),[6]tfkio:3(10),[7]tfkio:3(10)
25|active|1(100)
25|active|2(100)
25|active|3(100)
25|active|4(100)
25|expired|0(100),[1]init:2(10),[2]sh:2(10)
25|expired|1(100)
25|expired|2(100)
25|expired|3(100)
25|expired|4(100)
25|active|0(100),[3]tfkio:2(10),[4]tfkio:2(10),[5]tfkio:4(10),[6]tfkio:3(10),[7]tfkio:3(10)
25|active|1(100)
25|active|2(100)
25|active|3(100)
25|active|4(100)
25|expired|0(100),[1]init:2(10),[2]sh:2(10)
25|expired|1(100)
25|expired|2(100)
25|expired|3(100)
25|expired|4(100)
25|active|0(100),[3]tfkio:2(10),[4]tfkio:2(10),[5]tfkio:2(10),[6]tfkio:4(10),[7]tfkio:3(10)
25|active|1(100)
25|active|2(100)
25|active|3(100)
25|active|4(100)
25|expired|0(100),[1]init:2(10),[2]sh:2(10)
25|expired|1(100)
25|expired|2(100)
25|expired|3(100)
25|expired|4(100)
25|active|0(100),[3]tfkio:2(10),[4]tfkio:2(10),[5]tfkio:2(10),[6]tfkio:2(10),[7]tfkio:4(10)
25|active|1(100)
25|active|2(100)
25|active|3(100)
25|active|4(100)
25|expired|0(100),[1]init:2(10),[2]sh:2(10)
25|expired|1(100)
25|expired|2(100)
25|expired|3(100)
25|expired|4(100)
26|active|0(100),[1]init:2(10),[2]sh:2(10),[4]tfkio:4(10),[5]tfkio:3(10),[6]tfkio:3(10),[7]tfkio:3(10)
26|active|1(100)
26|active|2(100)
26|active|3(100)
26|active|4(100)
26|expired|0(100),[3]tfkio:2(10)
26|expired|1(100)
26|expired|2(100)
26|expired|3(100)
26|expired|4(100)
26|active|0(100),[1]init:2(10),[2]sh:2(10),[4]tfkio:2(10),[5]tfkio:4(10),[6]tfkio:3(10),[7]tfkio:3(10)
26|active|1(100)
26|active|2(100)
26|active|3(100)
26|active|4(100)
26|expired|0(100),[3]tfkio:2(10)
26|expired|1(100)
26|expired|2(100)
26|expired|3(100)
26|expired|4(100)
26|active|0(100),[1]init:2(10),[2]sh:2(10),[4]tfkio:2(10),[5]tfkio:2(10),[6]tfkio:4(10),[7]tfkio:3(10)
26|active|1(100)
26|active|2(100)
26|active|3(100)
26|active|4(100)
26|expired|0(100),[3]tfkio:2(10)
26|expired|1(100)
26|expired|2(100)
26|expired|3(100)
26|expired|4(100)
26|active|0(100),[1]init:2(10),[2]sh:2(10),[4]tfkio:2(10),[5]tfkio:2(10),[6]tfkio:2(10),[7]tfkio:4(10)
26|active|1(100)
26|active|2(100)
26|active|3(100)
26|active|4(100)
26|expired|0(100),[3]tfkio:2(10)
26|expired|1(100)
26|expired|2(100)
26|expired|3(100)
26|expired|4(100)
27|active|0(100),[3]tfkio:2(10),[4]tfkio:4(10),[5]tfkio:3(10),[6]tfkio:3(10),[7]tfkio:3(10)
27|active|1(100)
27|active|2(100)
27|active|3(100)
27|active|4(100)
27|expired|0(100),[1]init:2(10),[2]sh:2(10)
27|expired|1(100)
27|expired|2(100)
27|expired|3(100)
27|expired|4(100)
27|active|0(100),[3]tfkio:2(10),[4]tfkio:2(10),[5]tfkio:4(10),[6]tfkio:3(10),[7]tfkio:3(10)
27|active|1(100)
27|active|2(100)
27|active|3(100)
27|active|4(100)
27|expired|0(100),[1]init:2(10),[2]sh:2(10)
27|expired|1(100)
27|expired|2(100)
27|expired|3(100)
27|expired|4(100)
27|active|0(100),[3]tfkio:2(10),[4]tfkio:2(10),[5]tfkio:2(10),[6]tfkio:4(10),[7]tfkio:3(10)
27|active|1(100)
27|active|2(100)
27|active|3(100)
27|active|4(100)
27|expired|0(100),[1]init:2(10),[2]sh:2(10)
27|expired|1(100)
27|expired|2(100)
27|expired|3(100)
27|expired|4(100)
27|active|0(100),[3]tfkio:2(10),[4]tfkio:2(10),[5]tfkio:2(10),[6]tfkio:2(10),[7]tfkio:4(10)
27|active|1(100)
27|active|2(100)
27|active|3(100)
27|active|4(100)
27|expired|0(100),[1]init:2(10),[2]sh:2(10)
27|expired|1(100)
27|expired|2(100)
27|expired|3(100)
27|expired|4(100)
28|active|0(100),[1]init:2(10),[2]sh:2(10),[4]tfkio:4(10),[5]tfkio:3(10),[6]tfkio:3(10),[7]tfkio:3(10)
28|active|1(100)
28|active|2(100)
28|active|3(100)
28|active|4(100)
28|expired|0(100),[3]tfkio:2(10)
28|expired|1(100)
28|expired|2(100)
28|expired|3(100)
28|expired|4(100)
28|active|0(100),[1]init:2(10),[2]sh:2(10),[4]tfkio:2(10),[5]tfkio:4(10),[6]tfkio:3(10),[7]tfkio:3(10)
28|active|1(100)
28|active|2(100)
28|active|3(100)
28|active|4(100)
28|expired|0(100),[3]tfkio:2(10)
28|expired|1(100)
28|expired|2(100)
28|expired|3(100)
28|expired|4(100)
28|active|0(100),[1]init:2(10),[2]sh:2(10),[4]tfkio:2(10),[5]tfkio:2(10),[6]tfkio:4(10),[7]tfkio:3(10)
28|active|1(100)
28|active|2(100)
28|active|3(100)
28|active|4(100)
28|expired|0(100),[3]tfkio:2(10)
28|expired|1(100)
28|expired|2(100)
28|expired|3(100)
28|expired|4(100)
28|active|0(100),[1]init:2(10),[2]sh:2(10),[4]tfkio:2(10),[5]tfkio:2(10),[6]tfkio:2(10),[7]tfkio:4(10)
28|active|1(100)
28|active|2(100)
28|active|3(100)
28|active|4(100)
28|expired|0(100),[3]tfkio:2(10)
28|expired|1(100)
28|expired|2(100)
28|expired|3(100)
28|expired|4(100)
29|active|0(100),[3]tfkio:2(10),[4]tfkio:4(10),[5]tfkio:3(10),[6]tfkio:3(10),[7]tfkio:3(10)
29|active|1(100)
29|active|2(100)
29|active|3(100)
29|active|4(100)
29|expired|0(100),[1]init:2(10),[2]sh:2(10)
29|expired|1(100)
29|expired|2(100)
29|expired|3(100)
29|expired|4(100)
29|active|0(100),[3]tfkio:2(10),[4]tfkio:2(10),[5]tfkio:4(10),[6]tfkio:3(10),[7]tfkio:3(10)
29|active|1(100)
29|active|2(100)
29|active|3(100)
29|active|4(100)
29|expired|0(100),[1]init:2(10),[2]sh:2(10)
29|expired|1(100)
29|expired|2(100)
29|expired|3(100)
29|expired|4(100)
29|active|0(100),[3]tfkio:2(10),[4]tfkio:2(10),[5]tfkio:2(10),[6]tfkio:4(10),[7]tfkio:3(10)
29|active|1(100)
29|active|2(100)
29|active|3(100)
29|active|4(100)
29|expired|0(100),[1]init:2(10),[2]sh:2(10)
29|expired|1(100)
29|expired|2(100)
29|expired|3(100)
29|expired|4(100)
29|active|0(100),[3]tfkio:2(10),[4]tfkio:2(10),[5]tfkio:2(10),[6]tfkio:2(10),[7]tfkio:4(10)
29|active|1(100)
29|active|2(100)
29|active|3(100)
29|active|4(100)
29|expired|0(100),[1]init:2(10),[2]sh:2(10)
29|expired|1(100)
29|expired|2(100)
29|expired|3(100)
29|expired|4(100)
30|active|0(100),[1]init:2(10),[2]sh:2(10),[4]tfkio:4(10),[5]tfkio:3(10),[6]tfkio:3(10),[7]tfkio:3(10)
30|active|1(100)
30|active|2(100)
30|active|3(100)
30|active|4(100)
30|expired|0(100),[3]tfkio:2(10)
30|expired|1(100)
30|expired|2(100)
30|expired|3(100)
30|expired|4(100)
30|active|0(100),[1]init:2(10),[2]sh:2(10),[4]tfkio:2(10),[5]tfkio:4(10),[6]tfkio:3(10),[7]tfkio:3(10)
30|active|1(100)
30|active|2(100)
30|active|3(100)
30|active|4(100)
30|expired|0(100),[3]tfkio:2(10)
30|expired|1(100)
30|expired|2(100)
30|expired|3(100)
30|expired|4(100)
30|active|0(100),[1]init:2(10),[2]sh:2(10),[4]tfkio:2(10),[5]tfkio:2(10),[6]tfkio:4(10),[7]tfkio:3(10)
30|active|1(100)
30|active|2(100)
30|active|3(100)
30|active|4(100)
30|expired|0(100),[3]tfkio:2(10)
30|expired|1(100)
30|expired|2(100)
30|expired|3(100)
30|expired|4(100)
30|active|0(100),[1]init:2(10),[2]sh:2(10),[4]tfkio:2(10),[5]tfkio:2(10),[6]tfkio:2(10),[7]tfkio:4(10)
30|active|1(100)
30|active|2(100)
30|active|3(100)
30|active|4(100)
30|expired|0(100),[3]tfkio:2(10)
30|expired|1(100)
30|expired|2(100)
30|expired|3(100)
30|expired|4(100)
31|active|0(100),[3]tfkio:2(10),[4]tfkio:4(10),[5]tfkio:3(10),[6]tfkio:3(10),[7]tfkio:3(10)
31|active|1(100)
31|active|2(100)
31|active|3(100)
31|active|4(100)
31|expired|0(100),[1]init:2(10),[2]sh:2(10)
31|expired|1(100)
31|expired|2(100)
31|expired|3(100)
31|expired|4(100)
31|active|0(100),[3]tfkio:2(10),[4]tfkio:2(10),[5]tfkio:4(10),[6]tfkio:3(10),[7]tfkio:3(10)
31|active|1(100)
31|active|2(100)
31|active|3(100)
31|active|4(100)
31|expired|0(100),[1]init:2(10),[2]sh:2(10)
31|expired|1(100)
31|expired|2(100)
31|expired|3(100)
31|expired|4(100)
31|active|0(100),[3]tfkio:2(10),[4]tfkio:2(10),[5]tfkio:2(10),[6]tfkio:4(10),[7]tfkio:3(10)
31|active|1(100)
31|active|2(100)
31|active|3(100)
31|active|4(100)
31|expired|0(100),[1]init:2(10),[2]sh:2(10)
31|expired|1(100)
31|expired|2(100)
31|expired|3(100)
31|expired|4(100)
31|active|0(100),[3]tfkio:2(10),[4]tfkio:2(10),[5]tfkio:2(10),[6]tfkio:2(10),[7]tfkio:4(10)
31|active|1(100)
31|active|2(100)
31|active|3(100)
31|active|4(100)
31|expired|0(100),[1]init:2(10),[2]sh:2(10)
31|expired|1(100)
31|expired|2(100)
31|expired|3(100)
31|expired|4(100)
32|active|0(100),[1]init:2(10),[2]sh:2(10),[4]tfkio:4(10),[5]tfkio:3(10),[6]tfkio:3(10),[7]tfkio:3(10)
32|active|1(100)
32|active|2(100)
32|active|3(100)
32|active|4(100)
32|expired|0(100),[3]tfkio:2(10)
32|expired|1(100)
32|expired|2(100)
32|expired|3(100)
32|expired|4(100)
32|active|0(100),[1]init:2(10),[2]sh:2(10),[4]tfkio:2(10),[5]tfkio:4(10),[6]tfkio:3(10),[7]tfkio:3(10)
32|active|1(100)
32|active|2(100)
32|active|3(100)
32|active|4(100)
32|expired|0(100),[3]tfkio:2(10)
32|expired|1(100)
32|expired|2(100)
32|expired|3(100)
32|expired|4(100)
32|active|0(100),[1]init:2(10),[2]sh:2(10),[4]tfkio:2(10),[5]tfkio:2(10),[6]tfkio:4(10),[7]tfkio:3(10)
32|active|1(100)
32|active|2(100)
32|active|3(100)
32|active|4(100)
32|expired|0(100),[3]tfkio:2(10)
32|expired|1(100)
32|expired|2(100)
32|expired|3(100)
32|expired|4(100)
32|active|0(100),[1]init:2(10),[2]sh:2(10),[4]tfkio:2(10),[5]tfkio:2(10),[6]tfkio:2(10),[7]tfkio:4(10)
32|active|1(100)
32|active|2(100)
32|active|3(100)
32|active|4(100)
32|expired|0(100),[3]tfkio:2(10)
32|expired|1(100)
32|expired|2(100)
32|expired|3(100)
32|expired|4(100)
33|active|0(100),[3]tfkio:2(10),[4]tfkio:4(10),[5]tfkio:3(10),[6]tfkio:3(10),[7]tfkio:3(10)
33|active|1(100)
33|active|2(100)
33|active|3(100)
33|active|4(100)
33|expired|0(100),[1]init:2(10),[2]sh:2(10)
33|expired|1(100)
33|expired|2(100)
33|expired|3(100)
33|expired|4(100)
33|active|0(100),[3]tfkio:2(10),[4]tfkio:2(10),[5]tfkio:4(10),[6]tfkio:3(10),[7]tfkio:3(10)
33|active|1(100)
33|active|2(100)
33|active|3(100)
33|active|4(100)
33|expired|0(100),[1]init:2(10),[2]sh:2(10)
33|expired|1(100)
33|expired|2(100)
33|expired|3(100)
33|expired|4(100)
33|active|0(100),[3]tfkio:2(10),[4]tfkio:2(10),[5]tfkio:2(10),[6]tfkio:4(10),[7]tfkio:3(10)
33|active|1(100)
33|active|2(100)
33|active|3(100)
33|active|4(100)
33|expired|0(100),[1]init:2(10),[2]sh:2(10)
33|expired|1(100)
33|expired|2(100)
33|expired|3(100)
33|expired|4(100)
33|active|0(100),[3]tfkio:2(10),[4]tfkio:2(10),[5]tfkio:2(10),[6]tfkio:2(10),[7]tfkio:4(10)
33|active|1(100)
33|active|2(100)
33|active|3(100)
33|active|4(100)
33|expired|0(100),[1]init:2(10),[2]sh:2(10)
33|expired|1(100)
33|expired|2(100)
33|expired|3(100)
33|expired|4(100)
34|active|0(100),[1]init:2(10),[2]sh:2(10),[4]tfkio:4(10),[5]tfkio:3(10),[6]tfkio:3(10),[7]tfkio:3(10)
34|active|1(100)
34|active|2(100)
34|active|3(100)
34|active|4(100)
34|expired|0(100),[3]tfkio:2(10)
34|expired|1(100)
34|expired|2(100)
34|expired|3(100)
34|expired|4(100)
34|active|0(100),[1]init:2(10),[2]sh:2(10),[4]tfkio:2(10),[5]tfkio:4(10),[6]tfkio:3(10),[7]tfkio:3(10)
34|active|1(100)
34|active|2(100)
34|active|3(100)
34|active|4(100)
34|expired|0(100),[3]tfkio:2(10)
34|expired|1(100)
34|expired|2(100)
34|expired|3(100)
34|expired|4(100)
34|active|0(100),[1]init:2(10),[2]sh:2(10),[4]tfkio:2(10),[5]tfkio:2(10),[6]tfkio:4(10),[7]tfkio:3(10)
34|active|1(100)
34|active|2(100)
34|active|3(100)
34|active|4(100)
34|expired|0(100),[3]tfkio:2(10)
34|expired|1(100)
34|expired|2(100)
34|expired|3(100)
34|expired|4(100)
34|active|0(100),[1]init:2(10),[2]sh:2(10),[4]tfkio:2(10),[5]tfkio:2(10),[6]tfkio:2(10),[7]tfkio:4(10)
34|active|1(100)
34|active|2(100)
34|active|3(100)
34|active|4(100)
34|expired|0(100),[3]tfkio:2(10)
34|expired|1(100)
34|expired|2(100)
34|expired|3(100)
34|expired|4(100)
35|active|0(100),[3]tfkio:2(10),[4]tfkio:4(10),[5]tfkio:3(10),[6]tfkio:3(10),[7]tfkio:3(10)
35|active|1(100)
35|active|2(100)
35|active|3(100)
35|active|4(100)
35|expired|0(100),[1]init:2(10),[2]sh:2(10)
35|expired|1(100)
35|expired|2(100)
35|expired|3(100)
35|expired|4(100)
35|active|0(100),[3]tfkio:2(10),[4]tfkio:2(10),[5]tfkio:4(10),[6]tfkio:3(10),[7]tfkio:3(10)
35|active|1(100)
35|active|2(100)
35|active|3(100)
35|active|4(100)
35|expired|0(100),[1]init:2(10),[2]sh:2(10)
35|expired|1(100)
35|expired|2(100)
35|expired|3(100)
35|expired|4(100)
35|active|0(100),[3]tfkio:2(10),[4]tfkio:2(10),[5]tfkio:2(10),[6]tfkio:4(10),[7]tfkio:3(10)
35|active|1(100)
35|active|2(100)
35|active|3(100)
35|active|4(100)
35|expired|0(100),[1]init:2(10),[2]sh:2(10)
35|expired|1(100)
35|expired|2(100)
35|expired|3(100)
35|expired|4(100)
35|active|0(100),[3]tfkio:2(10),[4]tfkio:2(10),[5]tfkio:2(10),[6]tfkio:2(10),[7]tfkio:4(10)
35|active|1(100)
35|active|2(100)
35|active|3(100)
35|active|4(100)
35|expired|0(100),[1]init:2(10),[2]sh:2(10)
35|expired|1(100)
35|expired|2(100)
35|expired|3(100)
35|expired|4(100)
36|active|0(100),[1]init:2(10),[2]sh:2(10),[4]tfkio:4(10),[5]tfkio:3(10),[6]tfkio:3(10),[7]tfkio:3(10)
36|active|1(100)
36|active|2(100)
36|active|3(100)
36|active|4(100)
36|expired|0(100),[3]tfkio:2(10)
36|expired|1(100)
36|expired|2(100)
36|expired|3(100)
36|expired|4(100)
36|active|0(100),[1]init:2(10),[2]sh:2(10),[4]tfkio:2(10),[5]tfkio:4(10),[6]tfkio:3(10),[7]tfkio:3(10)
36|active|1(100)
36|active|2(100)
36|active|3(100)
36|active|4(100)
36|expired|0(100),[3]tfkio:2(10)
36|expired|1(100)
36|expired|2(100)
36|expired|3(100)
36|expired|4(100)
36|active|0(100),[1]init:2(10),[2]sh:2(10),[4]tfkio:2(10),[5]tfkio:2(10),[6]tfkio:4(10),[7]tfkio:3(10)
36|active|1(100)
36|active|2(100)
36|active|3(100)
36|active|4(100)
36|expired|0(100),[3]tfkio:2(10)
36|expired|1(100)
36|expired|2(100)
36|expired|3(100)
36|expired|4(100)
36|active|0(100),[1]init:2(10),[2]sh:2(10),[4]tfkio:2(10),[5]tfkio:2(10),[6]tfkio:2(10),[7]tfkio:4(10)
36|active|1(100)
36|active|2(100)
36|active|3(100)
36|active|4(100)
36|expired|0(100),[3]tfkio:2(10)
36|expired|1(100)
36|expired|2(100)
36|expired|3(100)
36|expired|4(100)
37|active|0(100),[3]tfkio:2(10),[4]tfkio:4(10),[5]tfkio:3(10),[6]tfkio:3(10),[7]tfkio:3(10)
37|active|1(100)
37|active|2(100)
37|active|3(100)
37|active|4(100)
37|expired|0(100),[1]init:2(10),[2]sh:2(10)
37|expired|1(100)
37|expired|2(100)
37|expired|3(100)
37|expired|4(100)
37|active|0(100),[3]tfkio:2(10),[4]tfkio:2(10),[5]tfkio:4(10),[6]tfkio:3(10),[7]tfkio:3(10)
37|active|1(100)
37|active|2(100)
37|active|3(100)
37|active|4(100)
37|expired|0(100),[1]init:2(10),[2]sh:2(10)
37|expired|1(100)
37|expired|2(100)
37|expired|3(100)
37|expired|4(100)
37|active|0(100),[3]tfkio:2(10),[4]tfkio:2(10),[5]tfkio:2(10),[6]tfkio:4(10),[7]tfkio:3(10)
37|active|1(100)
37|active|2(100)
37|active|3(100)
37|active|4(100)
37|expired|0(100),[1]init:2(10),[2]sh:2(10)
37|expired|1(100)
37|expired|2(100)
37|expired|3(100)
37|expired|4(100)
37|active|0(100),[3]tfkio:2(10),[4]tfkio:2(10),[5]tfkio:2(10),[6]tfkio:2(10),[7]tfkio:4(10)
37|active|1(100)
37|active|2(100)
37|active|3(100)
37|active|4(100)
37|expired|0(100),[1]init:2(10),[2]sh:2(10)
37|expired|1(100)
37|expired|2(100)
37|expired|3(100)
37|expired|4(100)
38|active|0(100),[1]init:2(10),[2]sh:2(10),[4]tfkio:4(10),[5]tfkio:3(10),[6]tfkio:3(10),[7]tfkio:3(10)
38|active|1(100)
38|active|2(100)
38|active|3(100)
38|active|4(100)
38|expired|0(100),[3]tfkio:2(10)
38|expired|1(100)
38|expired|2(100)
38|expired|3(100)
38|expired|4(100)
38|active|0(100),[1]init:2(10),[2]sh:2(10),[4]tfkio:2(10),[5]tfkio:4(10),[6]tfkio:3(10),[7]tfkio:3(10)
38|active|1(100)
38|active|2(100)
38|active|3(100)
38|active|4(100)
38|expired|0(100),[3]tfkio:2(10)
38|expired|1(100)
38|expired|2(100)
38|expired|3(100)
38|expired|4(100)
38|active|0(100),[1]init:2(10),[2]sh:2(10),[4]tfkio:2(10),[5]tfkio:2(10),[6]tfkio:4(10),[7]tfkio:3(10)
38|active|1(100)
38|active|2(100)
38|active|3(100)
38|active|4(100)
38|expired|0(100),[3]tfkio:2(10)
38|expired|1(100)
38|expired|2(100)
38|expired|3(100)
38|expired|4(100)
38|active|0(100),[1]init:2(10),[2]sh:2(10),[4]tfkio:2(10),[5]tfkio:2(10),[6]tfkio:2(10),[7]tfkio:4(10)
38|active|1(100)
38|active|2(100)
38|active|3(100)
38|active|4(100)
38|expired|0(100),[3]tfkio:2(10)
38|expired|1(100)
38|expired|2(100)
38|expired|3(100)
38|expired|4(100)
39|active|0(100),[3]tfkio:2(10),[4]tfkio:4(10),[5]tfkio:3(10),[6]tfkio:3(10),[7]tfkio:3(10)
39|active|1(100)
39|active|2(100)
39|active|3(100)
39|active|4(100)
39|expired|0(100),[1]init:2(10),[2]sh:2(10)
39|expired|1(100)
39|expired|2(100)
39|expired|3(100)
39|expired|4(100)
39|active|0(100),[3]tfkio:2(10),[4]tfkio:2(10),[5]tfkio:4(10),[6]tfkio:3(10),[7]tfkio:3(10)
39|active|1(100)
39|active|2(100)
39|active|3(100)
39|active|4(100)
39|expired|0(100),[1]init:2(10),[2]sh:2(10)
39|expired|1(100)
39|expired|2(100)
39|expired|3(100)
39|expired|4(100)
39|active|0(100),[3]tfkio:2(10),[4]tfkio:2(10),[5]tfkio:2(10),[6]tfkio:4(10),[7]tfkio:3(10)
39|active|1(100)
39|active|2(100)
39|active|3(100)
39|active|4(100)
39|expired|0(100),[1]init:2(10),[2]sh:2(10)
39|expired|1(100)
39|expired|2(100)
39|expired|3(100)
39|expired|4(100)
39|active|0(100),[3]tfkio:2(10),[4]tfkio:2(10),[5]tfkio:2(10),[6]tfkio:2(10),[7]tfkio:4(10)
39|active|1(100)
39|active|2(100)
39|active|3(100)
39|active|4(100)
39|expired|0(100),[1]init:2(10),[2]sh:2(10)
39|expired|1(100)
39|expired|2(100)
39|expired|3(100)
39|expired|4(100)
40|active|0(100),[1]init:2(10),[2]sh:2(10),[4]tfkio:4(10),[5]tfkio:3(10),[6]tfkio:3(10),[7]tfkio:3(10)
40|active|1(100)
40|active|2(100)
40|active|3(100)
40|active|4(100)
40|expired|0(100),[3]tfkio:2(10)
40|expired|1(100)
40|expired|2(100)
40|expired|3(100)
40|expired|4(100)
40|active|0(100),[1]init:2(10),[2]sh:2(10),[4]tfkio:2(10),[5]tfkio:4(10),[6]tfkio:3(10),[7]tfkio:3(10)
40|active|1(100)
40|active|2(100)
40|active|3(100)
40|active|4(100)
40|expired|0(100),[3]tfkio:2(10)
40|expired|1(100)
40|expired|2(100)
40|expired|3(100)
40|expired|4(100)
40|active|0(100),[1]init:2(10),[2]sh:2(10),[4]tfkio:2(10),[5]tfkio:2(10),[6]tfkio:4(10),[7]tfkio:3(10)
40|active|1(100)
40|active|2(100)
40|active|3(100)
40|active|4(100)
40|expired|0(100),[3]tfkio:2(10)
40|expired|1(100)
40|expired|2(100)
40|expired|3(100)
40|expired|4(100)
40|active|0(100),[1]init:2(10),[2]sh:2(10),[4]tfkio:2(10),[5]tfkio:2(10),[6]tfkio:2(10),[7]tfkio:4(10)
40|active|1(100)
40|active|2(100)
40|active|3(100)
40|active|4(100)
40|expired|0(100),[3]tfkio:2(10)
40|expired|1(100)
40|expired|2(100)
40|expired|3(100)
40|expired|4(100)
41|active|0(100),[3]tfkio:2(10),[4]tfkio:4(10),[5]tfkio:3(10),[6]tfkio:3(10),[7]tfkio:3(10)
41|active|1(100)
41|active|2(100)
41|active|3(100)
41|active|4(100)
41|expired|0(100),[1]init:2(10),[2]sh:2(10)
41|expired|1(100)
41|expired|2(100)
41|expired|3(100)
41|expired|4(100)
41|active|0(100),[3]tfkio:2(10),[4]tfkio:2(10),[5]tfkio:4(10),[6]tfkio:3(10),[7]tfkio:3(10)
41|active|1(100)
41|active|2(100)
41|active|3(100)
41|active|4(100)
41|expired|0(100),[1]init:2(10),[2]sh:2(10)
41|expired|1(100)
41|expired|2(100)
41|expired|3(100)
41|expired|4(100)
41|active|0(100),[3]tfkio:2(10),[4]tfkio:2(10),[5]tfkio:2(10),[6]tfkio:4(10),[7]tfkio:3(10)
41|active|1(100)
41|active|2(100)
41|active|3(100)
41|active|4(100)
41|expired|0(100),[1]init:2(10),[2]sh:2(10)
41|expired|1(100)
41|expired|2(100)
41|expired|3(100)
41|expired|4(100)
41|active|0(100),[3]tfkio:2(10),[4]tfkio:2(10),[5]tfkio:2(10),[6]tfkio:2(10),[7]tfkio:4(10)
41|active|1(100)
41|active|2(100)
41|active|3(100)
41|active|4(100)
41|expired|0(100),[1]init:2(10),[2]sh:2(10)
41|expired|1(100)
41|expired|2(100)
41|expired|3(100)
41|expired|4(100)
42|active|0(100),[1]init:2(10),[2]sh:2(10),[4]tfkio:4(10),[5]tfkio:3(10),[6]tfkio:3(10),[7]tfkio:3(10)
42|active|1(100)
42|active|2(100)
42|active|3(100)
42|active|4(100)
42|expired|0(100),[3]tfkio:2(10)
42|expired|1(100)
42|expired|2(100)
42|expired|3(100)
42|expired|4(100)
42|active|0(100),[1]init:2(10),[2]sh:2(10),[4]tfkio:2(10),[5]tfkio:4(10),[6]tfkio:3(10),[7]tfkio:3(10)
42|active|1(100)
42|active|2(100)
42|active|3(100)
42|active|4(100)
42|expired|0(100),[3]tfkio:2(10)
42|expired|1(100)
42|expired|2(100)
42|expired|3(100)
42|expired|4(100)
42|active|0(100),[1]init:2(10),[2]sh:2(10),[4]tfkio:2(10),[5]tfkio:2(10),[6]tfkio:4(10),[7]tfkio:3(10)
42|active|1(100)
42|active|2(100)
42|active|3(100)
42|active|4(100)
42|expired|0(100),[3]tfkio:2(10)
42|expired|1(100)
42|expired|2(100)
42|expired|3(100)
42|expired|4(100)
42|active|0(100),[1]init:2(10),[2]sh:2(10),[4]tfkio:2(10),[5]tfkio:2(10),[6]tfkio:2(10),[7]tfkio:4(10)
42|active|1(100)
42|active|2(100)
42|active|3(100)
42|active|4(100)
42|expired|0(100),[3]tfkio:2(10)
42|expired|1(100)
42|expired|2(100)
42|expired|3(100)
42|expired|4(100)
43|active|0(100),[3]tfkio:2(10),[4]tfkio:4(10),[5]tfkio:3(10),[6]tfkio:3(10),[7]tfkio:3(10)
43|active|1(100)
43|active|2(100)
43|active|3(100)
43|active|4(100)
43|expired|0(100),[1]init:2(10),[2]sh:2(10)
43|expired|1(100)
43|expired|2(100)
43|expired|3(100)
43|expired|4(100)
43|active|0(100),[3]tfkio:2(10),[4]tfkio:2(10),[5]tfkio:4(10),[6]tfkio:3(10),[7]tfkio:3(10)
43|active|1(100)
43|active|2(100)
43|active|3(100)
43|active|4(100)
43|expired|0(100),[1]init:2(10),[2]sh:2(10)
43|expired|1(100)
43|expired|2(100)
43|expired|3(100)
43|expired|4(100)
43|active|0(100),[3]tfkio:2(10),[4]tfkio:2(10),[5]tfkio:2(10),[6]tfkio:4(10),[7]tfkio:3(10)
43|active|1(100)
43|active|2(100)
43|active|3(100)
43|active|4(100)
43|expired|0(100),[1]init:2(10),[2]sh:2(10)
43|expired|1(100)
43|expired|2(100)
43|expired|3(100)
43|expired|4(100)
43|active|0(100),[3]tfkio:2(10),[4]tfkio:2(10),[5]tfkio:2(10),[6]tfkio:2(10),[7]tfkio:4(10)
43|active|1(100)
43|active|2(100)
43|active|3(100)
43|active|4(100)
43|expired|0(100),[1]init:2(10),[2]sh:2(10)
43|expired|1(100)
43|expired|2(100)
43|expired|3(100)
43|expired|4(100)
44|active|0(100),[1]init:2(10),[2]sh:2(10),[4]tfkio:4(10),[5]tfkio:3(10),[6]tfkio:3(10),[7]tfkio:3(10)
44|active|1(100)
44|active|2(100)
44|active|3(100)
44|active|4(100)
44|expired|0(100),[3]tfkio:2(10)
44|expired|1(100)
44|expired|2(100)
44|expired|3(100)
44|expired|4(100)
44|active|0(100),[1]init:2(10),[2]sh:2(10),[4]tfkio:2(10),[5]tfkio:4(10),[6]tfkio:3(10),[7]tfkio:3(10)
44|active|1(100)
44|active|2(100)
44|active|3(100)
44|active|4(100)
44|expired|0(100),[3]tfkio:2(10)
44|expired|1(100)
44|expired|2(100)
44|expired|3(100)
44|expired|4(100)
44|active|0(100),[1]init:2(10),[2]sh:2(10),[4]tfkio:2(10),[5]tfkio:2(10),[6]tfkio:4(10),[7]tfkio:3(10)
44|active|1(100)
44|active|2(100)
44|active|3(100)
44|active|4(100)
44|expired|0(100),[3]tfkio:2(10)
44|expired|1(100)
44|expired|2(100)
44|expired|3(100)
44|expired|4(100)
44|active|0(100),[1]init:2(10),[2]sh:2(10),[4]tfkio:2(10),[5]tfkio:2(10),[6]tfkio:2(10),[7]tfkio:4(10)
44|active|1(100)
44|active|2(100)
44|active|3(100)
44|active|4(100)
44|expired|0(100),[3]tfkio:2(10)
44|expired|1(100)
44|expired|2(100)
44|expired|3(100)
44|expired|4(100)
45|active|0(100),[3]tfkio:2(10),[4]tfkio:4(10),[5]tfkio:3(10),[6]tfkio:3(10),[7]tfkio:3(10)
45|active|1(100)
45|active|2(100)
45|active|3(100)
45|active|4(100)
45|expired|0(100),[1]init:2(10),[2]sh:2(10)
45|expired|1(100)
45|expired|2(100)
45|expired|3(100)
45|expired|4(100)
45|active|0(100),[3]tfkio:2(10),[4]tfkio:2(10),[5]tfkio:4(10),[6]tfkio:3(10),[7]tfkio:3(10)
45|active|1(100)
45|active|2(100)
45|active|3(100)
45|active|4(100)
45|expired|0(100),[1]init:2(10),[2]sh:2(10)
45|expired|1(100)
45|expired|2(100)
45|expired|3(100)
45|expired|4(100)
45|active|0(100),[3]tfkio:2(10),[4]tfkio:2(10),[5]tfkio:2(10),[6]tfkio:4(10),[7]tfkio:3(10)
45|active|1(100)
45|active|2(100)
45|active|3(100)
45|active|4(100)
45|expired|0(100),[1]init:2(10),[2]sh:2(10)
45|expired|1(100)
45|expired|2(100)
45|expired|3(100)
45|expired|4(100)
45|active|0(100),[3]tfkio:2(10),[4]tfkio:2(10),[5]tfkio:2(10),[6]tfkio:2(10),[7]tfkio:4(10)
45|active|1(100)
45|active|2(100)
45|active|3(100)
45|active|4(100)
45|expired|0(100),[1]init:2(10),[2]sh:2(10)
45|expired|1(100)
45|expired|2(100)
45|expired|3(100)
45|expired|4(100)
46|active|0(100),[1]init:2(10),[2]sh:2(10),[4]tfkio:4(10),[5]tfkio:3(10),[6]tfkio:3(10),[7]tfkio:3(10)
46|active|1(100)
46|active|2(100)
46|active|3(100)
46|active|4(100)
46|expired|0(100),[3]tfkio:2(10)
46|expired|1(100)
46|expired|2(100)
46|expired|3(100)
46|expired|4(100)
46|active|0(100),[1]init:2(10),[2]sh:2(10),[4]tfkio:2(10),[5]tfkio:4(10),[6]tfkio:3(10),[7]tfkio:3(10)
46|active|1(100)
46|active|2(100)
46|active|3(100)
46|active|4(100)
46|expired|0(100),[3]tfkio:2(10)
46|expired|1(100)
46|expired|2(100)
46|expired|3(100)
46|expired|4(100)
46|active|0(100),[1]init:2(10),[2]sh:2(10),[4]tfkio:2(10),[5]tfkio:2(10),[6]tfkio:4(10),[7]tfkio:3(10)
46|active|1(100)
46|active|2(100)
46|active|3(100)
46|active|4(100)
46|expired|0(100),[3]tfkio:2(10)
46|expired|1(100)
46|expired|2(100)
46|expired|3(100)
46|expired|4(100)
46|active|0(100),[1]init:2(10),[2]sh:2(10),[4]tfkio:2(10),[5]tfkio:2(10),[6]tfkio:2(10),[7]tfkio:4(10)
46|active|1(100)
46|active|2(100)
46|active|3(100)
46|active|4(100)
46|expired|0(100),[3]tfkio:2(10)
46|expired|1(100)
46|expired|2(100)
46|expired|3(100)
46|expired|4(100)
47|active|0(100),[3]tfkio:2(10),[4]tfkio:4(10),[5]tfkio:3(10),[6]tfkio:3(10),[7]tfkio:3(10)
47|active|1(100)
47|active|2(100)
47|active|3(100)
47|active|4(100)
47|expired|0(100),[1]init:2(10),[2]sh:2(10)
47|expired|1(100)
47|expired|2(100)
47|expired|3(100)
47|expired|4(100)
47|active|0(100),[3]tfkio:2(10),[4]tfkio:2(10),[5]tfkio:4(10),[6]tfkio:3(10),[7]tfkio:3(10)
47|active|1(100)
47|active|2(100)
47|active|3(100)
47|active|4(100)
47|expired|0(100),[1]init:2(10),[2]sh:2(10)
47|expired|1(100)
47|expired|2(100)
47|expired|3(100)
47|expired|4(100)
47|active|0(100),[3]tfkio:2(10),[4]tfkio:2(10),[5]tfkio:2(10),[6]tfkio:4(10),[7]tfkio:3(10)
47|active|1(100)
47|active|2(100)
47|active|3(100)
47|active|4(100)
47|expired|0(100),[1]init:2(10),[2]sh:2(10)
47|expired|1(100)
47|expired|2(100)
47|expired|3(100)
47|expired|4(100)
47|active|0(100),[3]tfkio:2(10),[4]tfkio:2(10),[5]tfkio:2(10),[6]tfkio:2(10),[7]tfkio:4(10)
47|active|1(100)
47|active|2(100)
47|active|3(100)
47|active|4(100)
47|expired|0(100),[1]init:2(10),[2]sh:2(10)
47|expired|1(100)
47|expired|2(100)
47|expired|3(100)
47|expired|4(100)
48|active|0(100),[1]init:2(10),[2]sh:2(10),[4]tfkio:4(10),[5]tfkio:3(10),[6]tfkio:3(10),[7]tfkio:3(10)
48|active|1(100)
48|active|2(100)
48|active|3(100)
48|active|4(100)
48|expired|0(100),[3]tfkio:2(10)
48|expired|1(100)
48|expired|2(100)
48|expired|3(100)
48|expired|4(100)
48|active|0(100),[1]init:2(10),[2]sh:2(10),[4]tfkio:2(10),[5]tfkio:4(10),[6]tfkio:3(10),[7]tfkio:3(10)
48|active|1(100)
48|active|2(100)
48|active|3(100)
48|active|4(100)
48|expired|0(100),[3]tfkio:2(10)
48|expired|1(100)
48|expired|2(100)
48|expired|3(100)
48|expired|4(100)
48|active|0(100),[1]init:2(10),[2]sh:2(10),[4]tfkio:2(10),[5]tfkio:2(10),[6]tfkio:4(10),[7]tfkio:3(10)
48|active|1(100)
48|active|2(100)
48|active|3(100)
48|active|4(100)
48|expired|0(100),[3]tfkio:2(10)
48|expired|1(100)
48|expired|2(100)
48|expired|3(100)
48|expired|4(100)
48|active|0(100),[1]init:2(10),[2]sh:2(10),[4]tfkio:2(10),[5]tfkio:2(10),[6]tfkio:2(10),[7]tfkio:4(10)
48|active|1(100)
48|active|2(100)
48|active|3(100)
48|active|4(100)
48|expired|0(100),[3]tfkio:2(10)
48|expired|1(100)
48|expired|2(100)
48|expired|3(100)
48|expired|4(100)
49|active|0(100),[3]tfkio:2(10),[4]tfkio:4(10),[5]tfkio:3(10),[6]tfkio:3(10),[7]tfkio:3(10)
49|active|1(100)
49|active|2(100)
49|active|3(100)
49|active|4(100)
49|expired|0(100),[1]init:2(10),[2]sh:2(10)
49|expired|1(100)
49|expired|2(100)
49|expired|3(100)
49|expired|4(100)
49|active|0(100),[3]tfkio:2(10),[4]tfkio:2(10),[5]tfkio:4(10),[6]tfkio:3(10),[7]tfkio:3(10)
49|active|1(100)
49|active|2(100)
49|active|3(100)
49|active|4(100)
49|expired|0(100),[1]init:2(10),[2]sh:2(10)
49|expired|1(100)
49|expired|2(100)
49|expired|3(100)
49|expired|4(100)
49|active|0(100),[3]tfkio:2(10),[4]tfkio:2(10),[5]tfkio:2(10),[6]tfkio:4(10),[7]tfkio:3(10)
49|active|1(100)
49|active|2(100)
49|active|3(100)
49|active|4(100)
49|expired|0(100),[1]init:2(10),[2]sh:2(10)
49|expired|1(100)
49|expired|2(100)
49|expired|3(100)
49|expired|4(100)
49|active|0(100),[3]tfkio:2(10),[4]tfkio:2(10),[5]tfkio:2(10),[6]tfkio:2(10),[7]tfkio:4(10)
49|active|1(100)
49|active|2(100)
49|active|3(100)
49|active|4(100)
49|expired|0(100),[1]init:2(10),[2]sh:2(10)
49|expired|1(100)
49|expired|2(100)
49|expired|3(100)
49|expired|4(100)
50|active|0(100),[1]init:2(10),[2]sh:2(10),[4]tfkio:4(10),[5]tfkio:3(10),[6]tfkio:3(10),[7]tfkio:3(10)
50|active|1(100)
50|active|2(100)
50|active|3(100)
50|active|4(100)
50|expired|0(100),[3]tfkio:2(10)
50|expired|1(100)
50|expired|2(100)
50|expired|3(100)
50|expired|4(100)
50|active|0(100),[1]init:2(10),[2]sh:2(10),[4]tfkio:2(10),[5]tfkio:4(10),[6]tfkio:3(10),[7]tfkio:3(10)
50|active|1(100)
50|active|2(100)
50|active|3(100)
50|active|4(100)
50|expired|0(100),[3]tfkio:2(10)
50|expired|1(100)
50|expired|2(100)
50|expired|3(100)
50|expired|4(100)
50|active|0(100),[1]init:2(10),[2]sh:2(10),[4]tfkio:2(10),[5]tfkio:2(10),[6]tfkio:4(10),[7]tfkio:3(10)
50|active|1(100)
50|active|2(100)
50|active|3(100)
50|active|4(100)
50|expired|0(100),[3]tfkio:2(10)
50|expired|1(100)
50|expired|2(100)
50|expired|3(100)
50|expired|4(100)
50|active|0(100),[1]init:2(10),[2]sh:2(10),[4]tfkio:2(10),[5]tfkio:2(10),[6]tfkio:2(10),[7]tfkio:4(10)
50|active|1(100)
50|active|2(100)
50|active|3(100)
50|active|4(100)
50|expired|0(100),[3]tfkio:2(10)
50|expired|1(100)
50|expired|2(100)
50|expired|3(100)
50|expired|4(100)
51|active|0(100),[3]tfkio:2(10),[4]tfkio:4(10),[5]tfkio:3(10),[6]tfkio:3(10),[7]tfkio:3(10)
51|active|1(100)
51|active|2(100)
51|active|3(100)
51|active|4(100)
51|expired|0(100),[1]init:2(10),[2]sh:2(10)
51|expired|1(100)
51|expired|2(100)
51|expired|3(100)
51|expired|4(100)
51|active|0(100),[3]tfkio:2(10),[4]tfkio:2(10),[5]tfkio:4(10),[6]tfkio:3(10),[7]tfkio:3(10)
51|active|1(100)
51|active|2(100)
51|active|3(100)
51|active|4(100)
51|expired|0(100),[1]init:2(10),[2]sh:2(10)
51|expired|1(100)
51|expired|2(100)
51|expired|3(100)
51|expired|4(100)
51|active|0(100),[3]tfkio:2(10),[4]tfkio:2(10),[5]tfkio:2(10),[6]tfkio:4(10),[7]tfkio:3(10)
51|active|1(100)
51|active|2(100)
51|active|3(100)
51|active|4(100)
51|expired|0(100),[1]init:2(10),[2]sh:2(10)
51|expired|1(100)
51|expired|2(100)
51|expired|3(100)
51|expired|4(100)
51|active|0(100),[3]tfkio:2(10),[4]tfkio:2(10),[5]tfkio:2(10),[6]tfkio:2(10),[7]tfkio:4(10)
51|active|1(100)
51|active|2(100)
51|active|3(100)
51|active|4(100)
51|expired|0(100),[1]init:2(10),[2]sh:2(10)
51|expired|1(100)
51|expired|2(100)
51|expired|3(100)
51|expired|4(100)
52|active|0(100),[1]init:2(10),[2]sh:2(10),[4]tfkio:4(10),[5]tfkio:3(10),[6]tfkio:3(10),[7]tfkio:3(10)
52|active|1(100)
52|active|2(100)
52|active|3(100)
52|active|4(100)
52|expired|0(100),[3]tfkio:2(10)
52|expired|1(100)
52|expired|2(100)
52|expired|3(100)
52|expired|4(100)
52|active|0(100),[1]init:2(10),[2]sh:2(10),[4]tfkio:2(10),[5]tfkio:4(10),[6]tfkio:3(10),[7]tfkio:3(10)
52|active|1(100)
52|active|2(100)
52|active|3(100)
52|active|4(100)
52|expired|0(100),[3]tfkio:2(10)
52|expired|1(100)
52|expired|2(100)
52|expired|3(100)
52|expired|4(100)
52|active|0(100),[1]init:2(10),[2]sh:2(10),[4]tfkio:2(10),[5]tfkio:2(10),[6]tfkio:4(10),[7]tfkio:3(10)
52|active|1(100)
52|active|2(100)
52|active|3(100)
52|active|4(100)
52|expired|0(100),[3]tfkio:2(10)
52|expired|1(100)
52|expired|2(100)
52|expired|3(100)
52|expired|4(100)
52|active|0(100),[1]init:2(10),[2]sh:2(10),[4]tfkio:2(10),[5]tfkio:2(10),[6]tfkio:2(10),[7]tfkio:4(10)
52|active|1(100)
52|active|2(100)
52|active|3(100)
52|active|4(100)
52|expired|0(100),[3]tfkio:2(10)
52|expired|1(100)
52|expired|2(100)
52|expired|3(100)
52|expired|4(100)
53|active|0(100),[3]tfkio:2(10),[4]tfkio:4(10),[5]tfkio:3(10),[6]tfkio:3(10),[7]tfkio:3(10)
53|active|1(100)
53|active|2(100)
53|active|3(100)
53|active|4(100)
53|expired|0(100),[1]init:2(10),[2]sh:2(10)
53|expired|1(100)
53|expired|2(100)
53|expired|3(100)
53|expired|4(100)
53|active|0(100),[3]tfkio:2(10),[4]tfkio:2(10),[5]tfkio:4(10),[6]tfkio:3(10),[7]tfkio:3(10)
53|active|1(100)
53|active|2(100)
53|active|3(100)
53|active|4(100)
53|expired|0(100),[1]init:2(10),[2]sh:2(10)
53|expired|1(100)
53|expired|2(100)
53|expired|3(100)
53|expired|4(100)
53|active|0(100),[3]tfkio:2(10),[4]tfkio:2(10),[5]tfkio:2(10),[6]tfkio:4(10),[7]tfkio:3(10)
53|active|1(100)
53|active|2(100)
53|active|3(100)
53|active|4(100)
53|expired|0(100),[1]init:2(10),[2]sh:2(10)
53|expired|1(100)
53|expired|2(100)
53|expired|3(100)
53|expired|4(100)
53|active|0(100),[3]tfkio:2(10),[4]tfkio:2(10),[5]tfkio:2(10),[6]tfkio:2(10),[7]tfkio:4(10)
53|active|1(100)
53|active|2(100)
53|active|3(100)
53|active|4(100)
53|expired|0(100),[1]init:2(10),[2]sh:2(10)
53|expired|1(100)
53|expired|2(100)
53|expired|3(100)
53|expired|4(100)
54|active|0(100),[1]init:2(10),[2]sh:2(10),[4]tfkio:4(10),[5]tfkio:3(10),[6]tfkio:3(10),[7]tfkio:3(10)
54|active|1(100)
54|active|2(100)
54|active|3(100)
54|active|4(100)
54|expired|0(100),[3]tfkio:2(10)
54|expired|1(100)
54|expired|2(100)
54|expired|3(100)
54|expired|4(100)
54|active|0(100),[1]init:2(10),[2]sh:2(10),[4]tfkio:2(10),[5]tfkio:4(10),[6]tfkio:3(10),[7]tfkio:3(10)
54|active|1(100)
54|active|2(100)
54|active|3(100)
54|active|4(100)
54|expired|0(100),[3]tfkio:2(10)
54|expired|1(100)
54|expired|2(100)
54|expired|3(100)
54|expired|4(100)
54|active|0(100),[1]init:2(10),[2]sh:2(10),[4]tfkio:2(10),[5]tfkio:2(10),[6]tfkio:4(10),[7]tfkio:3(10)
54|active|1(100)
54|active|2(100)
54|active|3(100)
54|active|4(100)
54|expired|0(100),[3]tfkio:2(10)
54|expired|1(100)
54|expired|2(100)
54|expired|3(100)
54|expired|4(100)
54|active|0(100),[1]init:2(10),[2]sh:2(10),[4]tfkio:2(10),[5]tfkio:2(10),[6]tfkio:2(10),[7]tfkio:4(10)
54|active|1(100)
54|active|2(100)
54|active|3(100)
54|active|4(100)
54|expired|0(100),[3]tfkio:2(10)
54|expired|1(100)
54|expired|2(100)
54|expired|3(100)
54|expired|4(100)
55|active|0(100),[3]tfkio:2(10),[4]tfkio:4(10),[5]tfkio:3(10),[6]tfkio:3(10),[7]tfkio:3(10)
55|active|1(100)
55|active|2(100)
55|active|3(100)
55|active|4(100)
55|expired|0(100),[1]init:2(10),[2]sh:2(10)
55|expired|1(100)
55|expired|2(100)
55|expired|3(100)
55|expired|4(100)
55|active|0(100),[3]tfkio:2(10),[4]tfkio:2(10),[5]tfkio:4(10),[6]tfkio:3(10),[7]tfkio:3(10)
55|active|1(100)
55|active|2(100)
55|active|3(100)
55|active|4(100)
55|expired|0(100),[1]init:2(10),[2]sh:2(10)
55|expired|1(100)
55|expired|2(100)
55|expired|3(100)
55|expired|4(100)
55|active|0(100),[3]tfkio:2(10),[4]tfkio:2(10),[5]tfkio:2(10),[6]tfkio:4(10),[7]tfkio:3(10)
55|active|1(100)
55|active|2(100)
55|active|3(100)
55|active|4(100)
55|expired|0(100),[1]init:2(10),[2]sh:2(10)
55|expired|1(100)
55|expired|2(100)
55|expired|3(100)
55|expired|4(100)
55|active|0(100),[3]tfkio:2(10),[4]tfkio:2(10),[5]tfkio:2(10),[6]tfkio:2(10),[7]tfkio:4(10)
55|active|1(100)
55|active|2(100)
55|active|3(100)
55|active|4(100)
55|expired|0(100),[1]init:2(10),[2]sh:2(10)
55|expired|1(100)
55|expired|2(100)
55|expired|3(100)
55|expired|4(100)
56|active|0(100),[1]init:2(10),[2]sh:2(10),[4]tfkio:4(10),[5]tfkio:3(10),[6]tfkio:3(10),[7]tfkio:3(10)
56|active|1(100)
56|active|2(100)
56|active|3(100)
56|active|4(100)
56|expired|0(100),[3]tfkio:2(10)
56|expired|1(100)
56|expired|2(100)
56|expired|3(100)
56|expired|4(100)
56|active|0(100),[1]init:2(10),[2]sh:2(10),[4]tfkio:2(10),[5]tfkio:4(10),[6]tfkio:3(10),[7]tfkio:3(10)
56|active|1(100)
56|active|2(100)
56|active|3(100)
56|active|4(100)
56|expired|0(100),[3]tfkio:2(10)
56|expired|1(100)
56|expired|2(100)
56|expired|3(100)
56|expired|4(100)
56|active|0(100),[1]init:2(10),[2]sh:2(10),[4]tfkio:2(10),[5]tfkio:2(10),[6]tfkio:4(10),[7]tfkio:3(10)
56|active|1(100)
56|active|2(100)
56|active|3(100)
56|active|4(100)
56|expired|0(100),[3]tfkio:2(10)
56|expired|1(100)
56|expired|2(100)
56|expired|3(100)
56|expired|4(100)
56|active|0(100),[1]init:2(10),[2]sh:2(10),[4]tfkio:2(10),[5]tfkio:2(10),[6]tfkio:2(10),[7]tfkio:4(10)
56|active|1(100)
56|active|2(100)
56|active|3(100)
56|active|4(100)
56|expired|0(100),[3]tfkio:2(10)
56|expired|1(100)
56|expired|2(100)
56|expired|3(100)
56|expired|4(100)
57|active|0(100),[3]tfkio:2(10),[4]tfkio:4(10),[5]tfkio:3(10),[6]tfkio:3(10),[7]tfkio:3(10)
57|active|1(100)
57|active|2(100)
57|active|3(100)
57|active|4(100)
57|expired|0(100),[1]init:2(10),[2]sh:2(10)
57|expired|1(100)
57|expired|2(100)
57|expired|3(100)
57|expired|4(100)
57|active|0(100),[3]tfkio:2(10),[4]tfkio:2(10),[5]tfkio:4(10),[6]tfkio:3(10),[7]tfkio:3(10)
57|active|1(100)
57|active|2(100)
57|active|3(100)
57|active|4(100)
57|expired|0(100),[1]init:2(10),[2]sh:2(10)
57|expired|1(100)
57|expired|2(100)
57|expired|3(100)
57|expired|4(100)
57|active|0(100),[3]tfkio:2(10),[4]tfkio:2(10),[5]tfkio:2(10),[6]tfkio:4(10),[7]tfkio:3(10)
57|active|1(100)
57|active|2(100)
57|active|3(100)
57|active|4(100)
57|expired|0(100),[1]init:2(10),[2]sh:2(10)
57|expired|1(100)
57|expired|2(100)
57|expired|3(100)
57|expired|4(100)
57|active|0(100),[3]tfkio:2(10),[4]tfkio:2(10),[5]tfkio:2(10),[6]tfkio:2(10),[7]tfkio:4(10)
57|active|1(100)
57|active|2(100)
57|active|3(100)
57|active|4(100)
57|expired|0(100),[1]init:2(10),[2]sh:2(10)
57|expired|1(100)
57|expired|2(100)
57|expired|3(100)
57|expired|4(100)
58|active|0(100),[1]init:2(10),[2]sh:2(10),[4]tfkio:4(10),[5]tfkio:3(10),[6]tfkio:3(10),[7]tfkio:3(10)
58|active|1(100)
58|active|2(100)
58|active|3(100)
58|active|4(100)
58|expired|0(100),[3]tfkio:2(10)
58|expired|1(100)
58|expired|2(100)
58|expired|3(100)
58|expired|4(100)
58|active|0(100),[1]init:2(10),[2]sh:2(10),[4]tfkio:2(10),[5]tfkio:4(10),[6]tfkio:3(10),[7]tfkio:3(10)
58|active|1(100)
58|active|2(100)
58|active|3(100)
58|active|4(100)
58|expired|0(100),[3]tfkio:2(10)
58|expired|1(100)
58|expired|2(100)
58|expired|3(100)
58|expired|4(100)
58|active|0(100),[1]init:2(10),[2]sh:2(10),[4]tfkio:2(10),[5]tfkio:2(10),[6]tfkio:4(10),[7]tfkio:3(10)
58|active|1(100)
58|active|2(100)
58|active|3(100)
58|active|4(100)
58|expired|0(100),[3]tfkio:2(10)
58|expired|1(100)
58|expired|2(100)
58|expired|3(100)
58|expired|4(100)
58|active|0(100),[1]init:2(10),[2]sh:2(10),[4]tfkio:2(10),[5]tfkio:2(10),[6]tfkio:2(10),[7]tfkio:4(10)
58|active|1(100)
58|active|2(100)
58|active|3(100)
58|active|4(100)
58|expired|0(100),[3]tfkio:2(10)
58|expired|1(100)
58|expired|2(100)
58|expired|3(100)
58|expired|4(100)
59|active|0(100),[3]tfkio:2(10),[4]tfkio:4(10),[5]tfkio:3(10),[6]tfkio:3(10),[7]tfkio:3(10)
59|active|1(100)
59|active|2(100)
59|active|3(100)
59|active|4(100)
59|expired|0(100),[1]init:2(10),[2]sh:2(10)
59|expired|1(100)
59|expired|2(100)
59|expired|3(100)
59|expired|4(100)
59|active|0(100),[3]tfkio:2(10),[4]tfkio:2(10),[5]tfkio:4(10),[6]tfkio:3(10),[7]tfkio:3(10)
59|active|1(100)
59|active|2(100)
59|active|3(100)
59|active|4(100)
59|expired|0(100),[1]init:2(10),[2]sh:2(10)
59|expired|1(100)
59|expired|2(100)
59|expired|3(100)
59|expired|4(100)
59|active|0(100),[3]tfkio:2(10),[4]tfkio:2(10),[5]tfkio:2(10),[6]tfkio:4(10),[7]tfkio:3(10)
59|active|1(100)
59|active|2(100)
59|active|3(100)
59|active|4(100)
59|expired|0(100),[1]init:2(10),[2]sh:2(10)
59|expired|1(100)
59|expired|2(100)
59|expired|3(100)
59|expired|4(100)
59|active|0(100),[3]tfkio:2(10),[4]tfkio:2(10),[5]tfkio:2(10),[6]tfkio:2(10),[7]tfkio:4(10)
59|active|1(100)
59|active|2(100)
59|active|3(100)
59|active|4(100)
59|expired|0(100),[1]init:2(10),[2]sh:2(10)
59|expired|1(100)
59|expired|2(100)
59|expired|3(100)
59|expired|4(100)
60|active|0(100),[1]init:2(10),[2]sh:2(10),[4]tfkio:4(10),[5]tfkio:3(10),[6]tfkio:3(10),[7]tfkio:3(10)
60|active|1(100)
60|active|2(100)
60|active|3(100)
60|active|4(100)
60|expired|0(100),[3]tfkio:2(10)
60|expired|1(100)
60|expired|2(100)
60|expired|3(100)
60|expired|4(100)
60|active|0(100),[1]init:2(10),[2]sh:2(10),[4]tfkio:2(10),[5]tfkio:4(10),[6]tfkio:3(10),[7]tfkio:3(10)
60|active|1(100)
60|active|2(100)
60|active|3(100)
60|active|4(100)
60|expired|0(100),[3]tfkio:2(10)
60|expired|1(100)
60|expired|2(100)
60|expired|3(100)
60|expired|4(100)
60|active|0(100),[1]init:2(10),[2]sh:2(10),[4]tfkio:2(10),[5]tfkio:2(10),[6]tfkio:4(10),[7]tfkio:3(10)
60|active|1(100)
60|active|2(100)
60|active|3(100)
60|active|4(100)
60|expired|0(100),[3]tfkio:2(10)
60|expired|1(100)
60|expired|2(100)
60|expired|3(100)
60|expired|4(100)
60|active|0(100),[1]init:2(10),[2]sh:2(10),[4]tfkio:2(10),[5]tfkio:2(10),[6]tfkio:2(10),[7]tfkio:4(10)
60|active|1(100)
60|active|2(100)
60|active|3(100)
60|active|4(100)
60|expired|0(100),[3]tfkio:2(10)
60|expired|1(100)
60|expired|2(100)
60|expired|3(100)
60|expired|4(100)
61|active|0(100),[3]tfkio:2(10),[4]tfkio:4(10),[5]tfkio:3(10),[6]tfkio:3(10),[7]tfkio:3(10)
61|active|1(100)
61|active|2(100)
61|active|3(100)
61|active|4(100)
61|expired|0(100),[1]init:2(10),[2]sh:2(10)
61|expired|1(100)
61|expired|2(100)
61|expired|3(100)
61|expired|4(100)
61|active|0(100),[3]tfkio:2(10),[4]tfkio:2(10),[5]tfkio:4(10),[6]tfkio:3(10),[7]tfkio:3(10)
61|active|1(100)
61|active|2(100)
61|active|3(100)
61|active|4(100)
61|expired|0(100),[1]init:2(10),[2]sh:2(10)
61|expired|1(100)
61|expired|2(100)
61|expired|3(100)
61|expired|4(100)
61|active|0(100),[3]tfkio:2(10),[4]tfkio:2(10),[5]tfkio:2(10),[6]tfkio:4(10),[7]tfkio:3(10)
61|active|1(100)
61|active|2(100)
61|active|3(100)
61|active|4(100)
61|expired|0(100),[1]init:2(10),[2]sh:2(10)
61|expired|1(100)
61|expired|2(100)
61|expired|3(100)
61|expired|4(100)
61|active|0(100),[3]tfkio:2(10),[4]tfkio:2(10),[5]tfkio:2(10),[6]tfkio:2(10),[7]tfkio:4(10)
61|active|1(100)
61|active|2(100)
61|active|3(100)
61|active|4(100)
61|expired|0(100),[1]init:2(10),[2]sh:2(10)
61|expired|1(100)
61|expired|2(100)
61|expired|3(100)
61|expired|4(100)
62|active|0(100),[1]init:2(10),[2]sh:2(10),[4]tfkio:4(10),[5]tfkio:3(10),[6]tfkio:3(10),[7]tfkio:3(10)
62|active|1(100)
62|active|2(100)
62|active|3(100)
62|active|4(100)
62|expired|0(100),[3]tfkio:2(10)
62|expired|1(100)
62|expired|2(100)
62|expired|3(100)
62|expired|4(100)
62|active|0(100),[1]init:2(10),[2]sh:2(10),[4]tfkio:2(10),[5]tfkio:4(10),[6]tfkio:3(10),[7]tfkio:3(10)
62|active|1(100)
62|active|2(100)
62|active|3(100)
62|active|4(100)
62|expired|0(100),[3]tfkio:2(10)
62|expired|1(100)
62|expired|2(100)
62|expired|3(100)
62|expired|4(100)
62|active|0(100),[1]init:2(10),[2]sh:2(10),[4]tfkio:2(10),[5]tfkio:2(10),[6]tfkio:4(10),[7]tfkio:3(10)
62|active|1(100)
62|active|2(100)
62|active|3(100)
62|active|4(100)
62|expired|0(100),[3]tfkio:2(10)
62|expired|1(100)
62|expired|2(100)
62|expired|3(100)
62|expired|4(100)
62|active|0(100),[1]init:2(10),[2]sh:2(10),[4]tfkio:2(10),[5]tfkio:2(10),[6]tfkio:2(10),[7]tfkio:4(10)
62|active|1(100)
62|active|2(100)
62|active|3(100)
62|active|4(100)
62|expired|0(100),[3]tfkio:2(10)
62|expired|1(100)
62|expired|2(100)
62|expired|3(100)
62|expired|4(100)
63|active|0(100),[3]tfkio:2(10),[4]tfkio:4(10),[5]tfkio:3(10),[6]tfkio:3(10),[7]tfkio:3(10)
63|active|1(100)
63|active|2(100)
63|active|3(100)
63|active|4(100)
63|expired|0(100),[1]init:2(10),[2]sh:2(10)
63|expired|1(100)
63|expired|2(100)
63|expired|3(100)
63|expired|4(100)
63|active|0(100),[3]tfkio:2(10),[4]tfkio:2(10),[5]tfkio:4(10),[6]tfkio:3(10),[7]tfkio:3(10)
63|active|1(100)
63|active|2(100)
63|active|3(100)
63|active|4(100)
63|expired|0(100),[1]init:2(10),[2]sh:2(10)
63|expired|1(100)
63|expired|2(100)
63|expired|3(100)
63|expired|4(100)
63|active|0(100),[3]tfkio:2(10),[4]tfkio:2(10),[5]tfkio:2(10),[6]tfkio:4(10),[7]tfkio:3(10)
63|active|1(100)
63|active|2(100)
63|active|3(100)
63|active|4(100)
63|expired|0(100),[1]init:2(10),[2]sh:2(10)
63|expired|1(100)
63|expired|2(100)
63|expired|3(100)
63|expired|4(100)
63|active|0(100),[3]tfkio:2(10),[4]tfkio:2(10),[5]tfkio:2(10),[6]tfkio:2(10),[7]tfkio:4(10)
63|active|1(100)
63|active|2(100)
63|active|3(100)
63|active|4(100)
63|expired|0(100),[1]init:2(10),[2]sh:2(10)
63|expired|1(100)
63|expired|2(100)
63|expired|3(100)
63|expired|4(100)
64|active|0(100),[1]init:2(10),[2]sh:2(10),[4]tfkio:4(10),[5]tfkio:3(10),[6]tfkio:3(10),[7]tfkio:3(10)
64|active|1(100)
64|active|2(100)
64|active|3(100)
64|active|4(100)
64|expired|0(100),[3]tfkio:2(10)
64|expired|1(100)
64|expired|2(100)
64|expired|3(100)
64|expired|4(100)
64|active|0(100),[1]init:2(10),[2]sh:2(10),[4]tfkio:2(10),[5]tfkio:4(10),[6]tfkio:3(10),[7]tfkio:3(10)
64|active|1(100)
64|active|2(100)
64|active|3(100)
64|active|4(100)
64|expired|0(100),[3]tfkio:2(10)
64|expired|1(100)
64|expired|2(100)
64|expired|3(100)
64|expired|4(100)
64|active|0(100),[1]init:2(10),[2]sh:2(10),[4]tfkio:2(10),[5]tfkio:2(10),[6]tfkio:4(10),[7]tfkio:3(10)
64|active|1(100)
64|active|2(100)
64|active|3(100)
64|active|4(100)
64|expired|0(100),[3]tfkio:2(10)
64|expired|1(100)
64|expired|2(100)
64|expired|3(100)
64|expired|4(100)
64|active|0(100),[1]init:2(10),[2]sh:2(10),[4]tfkio:2(10),[5]tfkio:2(10),[6]tfkio:2(10),[7]tfkio:4(10)
64|active|1(100)
64|active|2(100)
64|active|3(100)
64|active|4(100)
64|expired|0(100),[3]tfkio:2(10)
64|expired|1(100)
64|expired|2(100)
64|expired|3(100)
64|expired|4(100)
65|active|0(100),[3]tfkio:2(10),[4]tfkio:4(10),[5]tfkio:3(10),[6]tfkio:3(10),[7]tfkio:3(10)
65|active|1(100)
65|active|2(100)
65|active|3(100)
65|active|4(100)
65|expired|0(100),[1]init:2(10),[2]sh:2(10)
65|expired|1(100)
65|expired|2(100)
65|expired|3(100)
65|expired|4(100)
65|active|0(100),[3]tfkio:2(10),[4]tfkio:2(10),[5]tfkio:4(10),[6]tfkio:3(10),[7]tfkio:3(10)
65|active|1(100)
65|active|2(100)
65|active|3(100)
65|active|4(100)
65|expired|0(100),[1]init:2(10),[2]sh:2(10)
65|expired|1(100)
65|expired|2(100)
65|expired|3(100)
65|expired|4(100)
65|active|0(100),[3]tfkio:2(10),[4]tfkio:2(10),[5]tfkio:2(10),[6]tfkio:4(10),[7]tfkio:3(10)
65|active|1(100)
65|active|2(100)
65|active|3(100)
65|active|4(100)
65|expired|0(100),[1]init:2(10),[2]sh:2(10)
65|expired|1(100)
65|expired|2(100)
65|expired|3(100)
65|expired|4(100)
65|active|0(100),[3]tfkio:2(10),[4]tfkio:2(10),[5]tfkio:2(10),[6]tfkio:2(10),[7]tfkio:4(10)
65|active|1(100)
65|active|2(100)
65|active|3(100)
65|active|4(100)
65|expired|0(100),[1]init:2(10),[2]sh:2(10)
65|expired|1(100)
65|expired|2(100)
65|expired|3(100)
65|expired|4(100)
66|active|0(100),[1]init:2(10),[2]sh:2(10),[4]tfkio:4(10),[5]tfkio:3(10),[6]tfkio:3(10),[7]tfkio:3(10)
66|active|1(100)
66|active|2(100)
66|active|3(100)
66|active|4(100)
66|expired|0(100),[3]tfkio:2(10)
66|expired|1(100)
66|expired|2(100)
66|expired|3(100)
66|expired|4(100)
66|active|0(100),[1]init:2(10),[2]sh:2(10),[4]tfkio:2(10),[5]tfkio:4(10),[6]tfkio:3(10),[7]tfkio:3(10)
66|active|1(100)
66|active|2(100)
66|active|3(100)
66|active|4(100)
66|expired|0(100),[3]tfkio:2(10)
66|expired|1(100)
66|expired|2(100)
66|expired|3(100)
66|expired|4(100)
66|active|0(100),[1]init:2(10),[2]sh:2(10),[4]tfkio:2(10),[5]tfkio:2(10),[6]tfkio:4(10),[7]tfkio:3(10)
66|active|1(100)
66|active|2(100)
66|active|3(100)
66|active|4(100)
66|expired|0(100),[3]tfkio:2(10)
66|expired|1(100)
66|expired|2(100)
66|expired|3(100)
66|expired|4(100)
66|active|0(100),[1]init:2(10),[2]sh:2(10),[4]tfkio:2(10),[5]tfkio:2(10),[6]tfkio:2(10),[7]tfkio:4(10)
66|active|1(100)
66|active|2(100)
66|active|3(100)
66|active|4(100)
66|expired|0(100),[3]tfkio:2(10)
66|expired|1(100)
66|expired|2(100)
66|expired|3(100)
66|expired|4(100)
67|active|0(100),[3]tfkio:2(10),[4]tfkio:4(10),[5]tfkio:3(10),[6]tfkio:3(10),[7]tfkio:3(10)
67|active|1(100)
67|active|2(100)
67|active|3(100)
67|active|4(100)
67|expired|0(100),[1]init:2(10),[2]sh:2(10)
67|expired|1(100)
67|expired|2(100)
67|expired|3(100)
67|expired|4(100)
67|active|0(100),[3]tfkio:2(10),[4]tfkio:2(10),[5]tfkio:4(10),[6]tfkio:3(10),[7]tfkio:3(10)
67|active|1(100)
67|active|2(100)
67|active|3(100)
67|active|4(100)
67|expired|0(100),[1]init:2(10),[2]sh:2(10)
67|expired|1(100)
67|expired|2(100)
67|expired|3(100)
67|expired|4(100)
67|active|0(100),[3]tfkio:2(10),[4]tfkio:2(10),[5]tfkio:2(10),[6]tfkio:4(10),[7]tfkio:3(10)
67|active|1(100)
67|active|2(100)
67|active|3(100)
67|active|4(100)
67|expired|0(100),[1]init:2(10),[2]sh:2(10)
67|expired|1(100)
67|expired|2(100)
67|expired|3(100)
67|expired|4(100)
67|active|0(100),[3]tfkio:2(10),[4]tfkio:2(10),[5]tfkio:2(10),[6]tfkio:2(10),[7]tfkio:4(10)
67|active|1(100)
67|active|2(100)
67|active|3(100)
67|active|4(100)
67|expired|0(100),[1]init:2(10),[2]sh:2(10)
67|expired|1(100)
67|expired|2(100)
67|expired|3(100)
67|expired|4(100)
68|active|0(100),[1]init:2(10),[2]sh:2(10),[4]tfkio:4(10),[5]tfkio:3(10),[6]tfkio:3(10),[7]tfkio:3(10)
68|active|1(100)
68|active|2(100)
68|active|3(100)
68|active|4(100)
68|expired|0(100),[3]tfkio:2(10)
68|expired|1(100)
68|expired|2(100)
68|expired|3(100)
68|expired|4(100)
68|active|0(100),[1]init:2(10),[2]sh:2(10),[5]tfkio:4(10),[6]tfkio:3(10),[7]tfkio:3(10),[3]tfkio:3(10)
68|active|1(100)
68|active|2(100)
68|active|3(100)
68|active|4(100)
68|expired|0(100)
68|expired|1(100)
68|expired|2(100)
68|expired|3(100)
68|expired|4(100)
68|active|0(100),[1]init:2(10),[2]sh:2(10),[6]tfkio:4(10),[7]tfkio:3(10),[3]tfkio:3(10)
68|active|1(100)
68|active|2(100)
68|active|3(100)
68|active|4(100)
68|expired|0(100)
68|expired|1(100)
68|expired|2(100)
68|expired|3(100)
68|expired|4(100)
68|active|0(100),[1]init:2(10),[2]sh:2(10),[7]tfkio:4(10),[3]tfkio:3(10)
68|active|1(100)
68|active|2(100)
68|active|3(100)
68|active|4(100)
68|expired|0(100)
68|expired|1(100)
68|expired|2(100)
68|expired|3(100)
68|expired|4(100)
68|active|0(100),[1]init:2(10),[2]sh:2(10),[3]tfkio:4(10)
68|active|1(100)
68|active|2(100)
68|active|3(100)
68|active|4(100)
68|expired|0(100)
68|expired|1(100)
68|expired|2(100)
68|expired|3(100)
68|expired|4(100)
68|active|0(100),[1]init:2(10),[2]sh:4(10)
68|active|1(100)
68|active|2(100)
68|active|3(100)
68|active|4(100)
68|expired|0(100)
68|expired|1(100)
68|expired|2(100)
68|expired|3(100)
68|expired|4(100)
$ 68|active|0(100),[1]init:2(10),[2]sh:2(10),[8]sh:4(10)
68|active|1(100)
68|active|2(100)
68|active|3(100)
68|active|4(100)
68|expired|0(100)
68|expired|1(100)
68|expired|2(100)
68|expired|3(100)
68|expired|4(100)
68|active|0(100),[8]sh:4(10)
68|active|1(100)
68|active|2(100)
68|active|3(100)
68|active|4(100)
68|expired|0(100),[1]init:2(10),[2]sh:2(10)
68|expired|1(100)
68|expired|2(100)
68|expired|3(100)
68|expired|4(100)
68|active|0(100),[1]init:2(10),[2]sh:2(10),[8]sh:4(10)
68|active|1(100)
68|active|2(100)
68|active|3(100)
68|active|4(100)
68|expired|0(100)
68|expired|1(100)
68|expired|2(100)
68|expired|3(100)
68|expired|4(100)
68|active|0(100),[8]sh:4(10)
68|active|1(100)
68|active|2(100)
68|active|3(100)
68|active|4(100)
68|expired|0(100),[1]init:2(10),[2]sh:2(10)
68|expired|1(100)
68|expired|2(100)
68|expired|3(100)
68|expired|4(100)
68|active|0(100),[1]init:2(10),[2]sh:2(10),[8]sh:4(10)
68|active|1(100)
68|active|2(100)
68|active|3(100)
68|active|4(100)
68|expired|0(100)
68|expired|1(100)
68|expired|2(100)
68|expired|3(100)
68|expired|4(100)
